/home/pi/Desktop/Sidewalk_Robot_XJTLUxNUS/install/motor_control/lib/python3.10/site-packages/motor_control/upper_node.py
/home/pi/Desktop/Sidewalk_Robot_XJTLUxNUS/install/motor_control/lib/python3.10/site-packages/motor_control/remote_client.py
/home/pi/Desktop/Sidewalk_Robot_XJTLUxNUS/install/motor_control/lib/python3.10/site-packages/motor_control/motor_instruct.py
/home/pi/Desktop/Sidewalk_Robot_XJTLUxNUS/install/motor_control/lib/python3.10/site-packages/motor_control/switch_controller.py
/home/pi/Desktop/Sidewalk_Robot_XJTLUxNUS/install/motor_control/lib/python3.10/site-packages/motor_control/__init__.py
/home/pi/Desktop/Sidewalk_Robot_XJTLUxNUS/install/motor_control/lib/python3.10/site-packages/motor_control/local_controller.py
/home/pi/Desktop/Sidewalk_Robot_XJTLUxNUS/install/motor_control/lib/python3.10/site-packages/motor_control/__pycache__/upper_node.cpython-310.pyc
/home/pi/Desktop/Sidewalk_Robot_XJTLUxNUS/install/motor_control/lib/python3.10/site-packages/motor_control/__pycache__/remote_client.cpython-310.pyc
/home/pi/Desktop/Sidewalk_Robot_XJTLUxNUS/install/motor_control/lib/python3.10/site-packages/motor_control/__pycache__/motor_instruct.cpython-310.pyc
/home/pi/Desktop/Sidewalk_Robot_XJTLUxNUS/install/motor_control/lib/python3.10/site-packages/motor_control/__pycache__/switch_controller.cpython-310.pyc
/home/pi/Desktop/Sidewalk_Robot_XJTLUxNUS/install/motor_control/lib/python3.10/site-packages/motor_control/__pycache__/__init__.cpython-310.pyc
/home/pi/Desktop/Sidewalk_Robot_XJTLUxNUS/install/motor_control/lib/python3.10/site-packages/motor_control/__pycache__/local_controller.cpython-310.pyc
/home/pi/Desktop/Sidewalk_Robot_XJTLUxNUS/install/motor_control/share/ament_index/resource_index/packages/motor_control
/home/pi/Desktop/Sidewalk_Robot_XJTLUxNUS/install/motor_control/share/motor_control/package.xml
/home/pi/Desktop/Sidewalk_Robot_XJTLUxNUS/install/motor_control/lib/python3.10/site-packages/motor_control-0.0.0-py3.10.egg-info/top_level.txt
/home/pi/Desktop/Sidewalk_Robot_XJTLUxNUS/install/motor_control/lib/python3.10/site-packages/motor_control-0.0.0-py3.10.egg-info/dependency_links.txt
/home/pi/Desktop/Sidewalk_Robot_XJTLUxNUS/install/motor_control/lib/python3.10/site-packages/motor_control-0.0.0-py3.10.egg-info/entry_points.txt
/home/pi/Desktop/Sidewalk_Robot_XJTLUxNUS/install/motor_control/lib/python3.10/site-packages/motor_control-0.0.0-py3.10.egg-info/PKG-INFO
/home/pi/Desktop/Sidewalk_Robot_XJTLUxNUS/install/motor_control/lib/python3.10/site-packages/motor_control-0.0.0-py3.10.egg-info/requires.txt
/home/pi/Desktop/Sidewalk_Robot_XJTLUxNUS/install/motor_control/lib/python3.10/site-packages/motor_control-0.0.0-py3.10.egg-info/SOURCES.txt
/home/pi/Desktop/Sidewalk_Robot_XJTLUxNUS/install/motor_control/lib/python3.10/site-packages/motor_control-0.0.0-py3.10.egg-info/zip-safe
/home/pi/Desktop/Sidewalk_Robot_XJTLUxNUS/install/motor_control/lib/motor_control/local_controller
