[1.274s] DEBUG:colcon:Command line arguments: ['/usr/bin/colcon', 'build']
[1.275s] DEBUG:colcon:Parsed command line arguments: Namespace(log_base=None, log_level=None, verb_name='build', build_base='build', install_base='install', merge_install=False, symlink_install=False, test_result_base=None, continue_on_error=False, executor='sequential', event_handlers=None, base_paths=['.'], paths=None, cmake_args=None, cmake_target=None, cmake_target_skip_unavailable=False, cmake_clean_cache=False, cmake_clean_first=False, cmake_force_configure=False, ament_cmake_args=None, catkin_cmake_args=None, catkin_skip_building_tests=False, verb_parser=CustomArgumentParser(prog='colcon build', usage=None, description='Build a set of packages.', formatter_class=<class 'colcon_core.command.CustomFormatter'>, conflict_handler='error', add_help=True), verb_extension=<colcon_core.verb.build.BuildVerb object at 0xffff8a4f47c0>, main=<bound method BuildVerb.main of <colcon_core.verb.build.BuildVerb object at 0xffff8a4f47c0>>)
[1.395s] Level 1:colcon.colcon_core.package_discovery:discover_packages(recursive) check parameters
[1.395s] Level 1:colcon.colcon_core.package_discovery:discover_packages(path) check parameters
[1.395s] Level 1:colcon.colcon_core.package_discovery:discover_packages(recursive) discover
[1.395s] INFO:colcon.colcon_core.package_discovery:Crawling recursively for packages in '/home/pi/Desktop/Sidewalk_Robot_XJTLUxNUS'
[1.396s] Level 1:colcon.colcon_core.package_identification:_identify(.) by extensions ['ignore', 'ignore_ament_install']
[1.396s] Level 1:colcon.colcon_core.package_identification:_identify(.) by extension 'ignore'
[1.397s] Level 1:colcon.colcon_core.package_identification:_identify(.) by extension 'ignore_ament_install'
[1.397s] Level 1:colcon.colcon_core.package_identification:_identify(.) by extensions ['ros']
[1.397s] Level 1:colcon.colcon_core.package_identification:_identify(.) by extension 'ros'
[1.443s] Level 1:colcon.colcon_core.package_identification:_identify(.) by extensions ['cmake', 'python']
[1.444s] Level 1:colcon.colcon_core.package_identification:_identify(.) by extension 'cmake'
[1.444s] Level 1:colcon.colcon_core.package_identification:_identify(.) by extension 'python'
[1.444s] Level 1:colcon.colcon_core.package_identification:_identify(.) by extensions ['python_setup_py']
[1.444s] Level 1:colcon.colcon_core.package_identification:_identify(.) by extension 'python_setup_py'
[1.445s] Level 1:colcon.colcon_core.package_identification:_identify(build) by extensions ['ignore', 'ignore_ament_install']
[1.445s] Level 1:colcon.colcon_core.package_identification:_identify(build) by extension 'ignore'
[1.446s] Level 1:colcon.colcon_core.package_identification:_identify(build) ignored
[1.446s] Level 1:colcon.colcon_core.package_identification:_identify(install) by extensions ['ignore', 'ignore_ament_install']
[1.447s] Level 1:colcon.colcon_core.package_identification:_identify(install) by extension 'ignore'
[1.447s] Level 1:colcon.colcon_core.package_identification:_identify(install) ignored
[1.448s] Level 1:colcon.colcon_core.package_identification:_identify(log) by extensions ['ignore', 'ignore_ament_install']
[1.448s] Level 1:colcon.colcon_core.package_identification:_identify(log) by extension 'ignore'
[1.448s] Level 1:colcon.colcon_core.package_identification:_identify(log) ignored
[1.448s] Level 1:colcon.colcon_core.package_identification:_identify(src) by extensions ['ignore', 'ignore_ament_install']
[1.449s] Level 1:colcon.colcon_core.package_identification:_identify(src) by extension 'ignore'
[1.449s] Level 1:colcon.colcon_core.package_identification:_identify(src) by extension 'ignore_ament_install'
[1.449s] Level 1:colcon.colcon_core.package_identification:_identify(src) by extensions ['ros']
[1.449s] Level 1:colcon.colcon_core.package_identification:_identify(src) by extension 'ros'
[1.450s] Level 1:colcon.colcon_core.package_identification:_identify(src) by extensions ['cmake', 'python']
[1.450s] Level 1:colcon.colcon_core.package_identification:_identify(src) by extension 'cmake'
[1.450s] Level 1:colcon.colcon_core.package_identification:_identify(src) by extension 'python'
[1.451s] Level 1:colcon.colcon_core.package_identification:_identify(src) by extensions ['python_setup_py']
[1.451s] Level 1:colcon.colcon_core.package_identification:_identify(src) by extension 'python_setup_py'
[1.451s] Level 1:colcon.colcon_core.package_identification:_identify(src/can_bus) by extensions ['ignore', 'ignore_ament_install']
[1.452s] Level 1:colcon.colcon_core.package_identification:_identify(src/can_bus) by extension 'ignore'
[1.452s] Level 1:colcon.colcon_core.package_identification:_identify(src/can_bus) by extension 'ignore_ament_install'
[1.452s] Level 1:colcon.colcon_core.package_identification:_identify(src/can_bus) by extensions ['ros']
[1.452s] Level 1:colcon.colcon_core.package_identification:_identify(src/can_bus) by extension 'ros'
[1.465s] DEBUG:colcon.colcon_core.package_identification:Package 'src/can_bus' with type 'ros.ament_python' and name 'can_bus'
[1.466s] Level 1:colcon.colcon_core.package_identification:_identify(src/motor_control) by extensions ['ignore', 'ignore_ament_install']
[1.466s] Level 1:colcon.colcon_core.package_identification:_identify(src/motor_control) by extension 'ignore'
[1.467s] Level 1:colcon.colcon_core.package_identification:_identify(src/motor_control) by extension 'ignore_ament_install'
[1.467s] Level 1:colcon.colcon_core.package_identification:_identify(src/motor_control) by extensions ['ros']
[1.467s] Level 1:colcon.colcon_core.package_identification:_identify(src/motor_control) by extension 'ros'
[1.469s] DEBUG:colcon.colcon_core.package_identification:Package 'src/motor_control' with type 'ros.ament_python' and name 'motor_control'
[1.470s] Level 1:colcon.colcon_core.package_identification:_identify(src/share) by extensions ['ignore', 'ignore_ament_install']
[1.470s] Level 1:colcon.colcon_core.package_identification:_identify(src/share) by extension 'ignore'
[1.470s] Level 1:colcon.colcon_core.package_identification:_identify(src/share) by extension 'ignore_ament_install'
[1.471s] Level 1:colcon.colcon_core.package_identification:_identify(src/share) by extensions ['ros']
[1.471s] Level 1:colcon.colcon_core.package_identification:_identify(src/share) by extension 'ros'
[1.473s] DEBUG:colcon.colcon_core.package_identification:Package 'src/share' with type 'ros.ament_cmake' and name 'share'
[1.473s] Level 1:colcon.colcon_core.package_discovery:discover_packages(recursive) using defaults
[1.473s] Level 1:colcon.colcon_core.package_discovery:discover_packages(path) discover
[1.473s] Level 1:colcon.colcon_core.package_discovery:discover_packages(path) using defaults
[1.588s] Level 5:colcon.colcon_core.verb:set package 'can_bus' build argument 'cmake_args' from command line to 'None'
[1.589s] Level 5:colcon.colcon_core.verb:set package 'can_bus' build argument 'cmake_target' from command line to 'None'
[1.589s] Level 5:colcon.colcon_core.verb:set package 'can_bus' build argument 'cmake_target_skip_unavailable' from command line to 'False'
[1.589s] Level 5:colcon.colcon_core.verb:set package 'can_bus' build argument 'cmake_clean_cache' from command line to 'False'
[1.589s] Level 5:colcon.colcon_core.verb:set package 'can_bus' build argument 'cmake_clean_first' from command line to 'False'
[1.589s] Level 5:colcon.colcon_core.verb:set package 'can_bus' build argument 'cmake_force_configure' from command line to 'False'
[1.590s] Level 5:colcon.colcon_core.verb:set package 'can_bus' build argument 'ament_cmake_args' from command line to 'None'
[1.590s] Level 5:colcon.colcon_core.verb:set package 'can_bus' build argument 'catkin_cmake_args' from command line to 'None'
[1.590s] Level 5:colcon.colcon_core.verb:set package 'can_bus' build argument 'catkin_skip_building_tests' from command line to 'False'
[1.590s] DEBUG:colcon.colcon_core.verb:Building package 'can_bus' with the following arguments: {'ament_cmake_args': None, 'build_base': '/home/pi/Desktop/Sidewalk_Robot_XJTLUxNUS/build/can_bus', 'catkin_cmake_args': None, 'catkin_skip_building_tests': False, 'cmake_args': None, 'cmake_clean_cache': False, 'cmake_clean_first': False, 'cmake_force_configure': False, 'cmake_target': None, 'cmake_target_skip_unavailable': False, 'install_base': '/home/pi/Desktop/Sidewalk_Robot_XJTLUxNUS/install/can_bus', 'merge_install': False, 'path': '/home/pi/Desktop/Sidewalk_Robot_XJTLUxNUS/src/can_bus', 'symlink_install': False, 'test_result_base': None}
[1.595s] Level 5:colcon.colcon_core.verb:set package 'motor_control' build argument 'cmake_args' from command line to 'None'
[1.595s] Level 5:colcon.colcon_core.verb:set package 'motor_control' build argument 'cmake_target' from command line to 'None'
[1.595s] Level 5:colcon.colcon_core.verb:set package 'motor_control' build argument 'cmake_target_skip_unavailable' from command line to 'False'
[1.595s] Level 5:colcon.colcon_core.verb:set package 'motor_control' build argument 'cmake_clean_cache' from command line to 'False'
[1.595s] Level 5:colcon.colcon_core.verb:set package 'motor_control' build argument 'cmake_clean_first' from command line to 'False'
[1.596s] Level 5:colcon.colcon_core.verb:set package 'motor_control' build argument 'cmake_force_configure' from command line to 'False'
[1.596s] Level 5:colcon.colcon_core.verb:set package 'motor_control' build argument 'ament_cmake_args' from command line to 'None'
[1.596s] Level 5:colcon.colcon_core.verb:set package 'motor_control' build argument 'catkin_cmake_args' from command line to 'None'
[1.596s] Level 5:colcon.colcon_core.verb:set package 'motor_control' build argument 'catkin_skip_building_tests' from command line to 'False'
[1.596s] DEBUG:colcon.colcon_core.verb:Building package 'motor_control' with the following arguments: {'ament_cmake_args': None, 'build_base': '/home/pi/Desktop/Sidewalk_Robot_XJTLUxNUS/build/motor_control', 'catkin_cmake_args': None, 'catkin_skip_building_tests': False, 'cmake_args': None, 'cmake_clean_cache': False, 'cmake_clean_first': False, 'cmake_force_configure': False, 'cmake_target': None, 'cmake_target_skip_unavailable': False, 'install_base': '/home/pi/Desktop/Sidewalk_Robot_XJTLUxNUS/install/motor_control', 'merge_install': False, 'path': '/home/pi/Desktop/Sidewalk_Robot_XJTLUxNUS/src/motor_control', 'symlink_install': False, 'test_result_base': None}
[1.600s] Level 5:colcon.colcon_core.verb:set package 'share' build argument 'cmake_args' from command line to 'None'
[1.600s] Level 5:colcon.colcon_core.verb:set package 'share' build argument 'cmake_target' from command line to 'None'
[1.601s] Level 5:colcon.colcon_core.verb:set package 'share' build argument 'cmake_target_skip_unavailable' from command line to 'False'
[1.601s] Level 5:colcon.colcon_core.verb:set package 'share' build argument 'cmake_clean_cache' from command line to 'False'
[1.601s] Level 5:colcon.colcon_core.verb:set package 'share' build argument 'cmake_clean_first' from command line to 'False'
[1.601s] Level 5:colcon.colcon_core.verb:set package 'share' build argument 'cmake_force_configure' from command line to 'False'
[1.601s] Level 5:colcon.colcon_core.verb:set package 'share' build argument 'ament_cmake_args' from command line to 'None'
[1.601s] Level 5:colcon.colcon_core.verb:set package 'share' build argument 'catkin_cmake_args' from command line to 'None'
[1.601s] Level 5:colcon.colcon_core.verb:set package 'share' build argument 'catkin_skip_building_tests' from command line to 'False'
[1.601s] DEBUG:colcon.colcon_core.verb:Building package 'share' with the following arguments: {'ament_cmake_args': None, 'build_base': '/home/pi/Desktop/Sidewalk_Robot_XJTLUxNUS/build/share', 'catkin_cmake_args': None, 'catkin_skip_building_tests': False, 'cmake_args': None, 'cmake_clean_cache': False, 'cmake_clean_first': False, 'cmake_force_configure': False, 'cmake_target': None, 'cmake_target_skip_unavailable': False, 'install_base': '/home/pi/Desktop/Sidewalk_Robot_XJTLUxNUS/install/share', 'merge_install': False, 'path': '/home/pi/Desktop/Sidewalk_Robot_XJTLUxNUS/src/share', 'symlink_install': False, 'test_result_base': None}
[1.603s] INFO:colcon.colcon_core.executor:Executing jobs using 'sequential' executor
[1.610s] DEBUG:colcon.colcon_core.executor.sequential:run_until_complete 'can_bus'
[1.611s] INFO:colcon.colcon_ros.task.ament_python.build:Building ROS package in '/home/pi/Desktop/Sidewalk_Robot_XJTLUxNUS/src/can_bus' with build type 'ament_python'
[1.611s] Level 1:colcon.colcon_core.shell:create_environment_hook('can_bus', 'ament_prefix_path')
[1.630s] INFO:colcon.colcon_core.plugin_system:Skipping extension 'colcon_core.shell.bat': Not used on non-Windows systems
[1.631s] INFO:colcon.colcon_core.shell:Creating environment descriptor '/home/pi/Desktop/Sidewalk_Robot_XJTLUxNUS/install/can_bus/share/can_bus/hook/ament_prefix_path.dsv'
[1.633s] INFO:colcon.colcon_core.shell:Creating environment hook '/home/pi/Desktop/Sidewalk_Robot_XJTLUxNUS/install/can_bus/share/can_bus/hook/ament_prefix_path.sh'
[1.640s] DEBUG:colcon.colcon_core.shell:Skip shell extension 'dsv' for command environment
[2.937s] INFO:colcon.colcon_core.task.python.build:Building Python package in '/home/pi/Desktop/Sidewalk_Robot_XJTLUxNUS/src/can_bus'
[2.941s] DEBUG:colcon.colcon_core.shell:Skip shell extension 'dsv' for command environment
[4.874s] DEBUG:colcon.colcon_core.event_handler.log_command:Invoking command in '/home/pi/Desktop/Sidewalk_Robot_XJTLUxNUS/src/can_bus': PYTHONPATH=/home/pi/Desktop/Sidewalk_Robot_XJTLUxNUS/install/can_bus/lib/python3.10/site-packages:${PYTHONPATH} /usr/bin/python3 setup.py egg_info --egg-base ../../build/can_bus build --build-base /home/pi/Desktop/Sidewalk_Robot_XJTLUxNUS/build/can_bus/build install --prefix /home/pi/Desktop/Sidewalk_Robot_XJTLUxNUS/install/can_bus --record /home/pi/Desktop/Sidewalk_Robot_XJTLUxNUS/build/can_bus/install.log --single-version-externally-managed
[6.535s] DEBUG:colcon.colcon_core.event_handler.log_command:Invoked command in '/home/pi/Desktop/Sidewalk_Robot_XJTLUxNUS/src/can_bus' returned '0': PYTHONPATH=/home/pi/Desktop/Sidewalk_Robot_XJTLUxNUS/install/can_bus/lib/python3.10/site-packages:${PYTHONPATH} /usr/bin/python3 setup.py egg_info --egg-base ../../build/can_bus build --build-base /home/pi/Desktop/Sidewalk_Robot_XJTLUxNUS/build/can_bus/build install --prefix /home/pi/Desktop/Sidewalk_Robot_XJTLUxNUS/install/can_bus --record /home/pi/Desktop/Sidewalk_Robot_XJTLUxNUS/build/can_bus/install.log --single-version-externally-managed
[6.554s] Level 1:colcon.colcon_core.environment:checking '/home/pi/Desktop/Sidewalk_Robot_XJTLUxNUS/install/can_bus' for CMake module files
[6.556s] Level 1:colcon.colcon_core.environment:checking '/home/pi/Desktop/Sidewalk_Robot_XJTLUxNUS/install/can_bus' for CMake config files
[6.560s] Level 1:colcon.colcon_core.environment:checking '/home/pi/Desktop/Sidewalk_Robot_XJTLUxNUS/install/can_bus/lib'
[6.561s] Level 1:colcon.colcon_core.environment:checking '/home/pi/Desktop/Sidewalk_Robot_XJTLUxNUS/install/can_bus/bin'
[6.561s] Level 1:colcon.colcon_core.environment:checking '/home/pi/Desktop/Sidewalk_Robot_XJTLUxNUS/install/can_bus/lib/pkgconfig/can_bus.pc'
[6.562s] Level 1:colcon.colcon_core.environment:checking '/home/pi/Desktop/Sidewalk_Robot_XJTLUxNUS/install/can_bus/lib/python3.10/site-packages'
[6.563s] Level 1:colcon.colcon_core.shell:create_environment_hook('can_bus', 'pythonpath')
[6.566s] INFO:colcon.colcon_core.shell:Creating environment descriptor '/home/pi/Desktop/Sidewalk_Robot_XJTLUxNUS/install/can_bus/share/can_bus/hook/pythonpath.dsv'
[6.568s] INFO:colcon.colcon_core.shell:Creating environment hook '/home/pi/Desktop/Sidewalk_Robot_XJTLUxNUS/install/can_bus/share/can_bus/hook/pythonpath.sh'
[6.571s] Level 1:colcon.colcon_core.environment:checking '/home/pi/Desktop/Sidewalk_Robot_XJTLUxNUS/install/can_bus/bin'
[6.571s] Level 1:colcon.colcon_core.environment:create_environment_scripts_only(can_bus)
[6.575s] INFO:colcon.colcon_core.shell:Creating package descriptor '/home/pi/Desktop/Sidewalk_Robot_XJTLUxNUS/install/can_bus/share/can_bus/package.dsv'
[6.578s] INFO:colcon.colcon_core.shell:Creating package script '/home/pi/Desktop/Sidewalk_Robot_XJTLUxNUS/install/can_bus/share/can_bus/package.sh'
[6.582s] Level 1:colcon.colcon_core.environment:create_file_with_runtime_dependencies(/home/pi/Desktop/Sidewalk_Robot_XJTLUxNUS/install/can_bus/share/colcon-core/packages/can_bus)
[6.583s] DEBUG:colcon.colcon_core.executor.sequential:run_until_complete 'can_bus' finished with '0'
[6.583s] DEBUG:colcon.colcon_core.executor.sequential:run_until_complete 'motor_control'
[6.584s] INFO:colcon.colcon_ros.task.ament_python.build:Building ROS package in '/home/pi/Desktop/Sidewalk_Robot_XJTLUxNUS/src/motor_control' with build type 'ament_python'
[6.584s] Level 1:colcon.colcon_core.shell:create_environment_hook('motor_control', 'ament_prefix_path')
[6.588s] INFO:colcon.colcon_core.shell:Creating environment descriptor '/home/pi/Desktop/Sidewalk_Robot_XJTLUxNUS/install/motor_control/share/motor_control/hook/ament_prefix_path.dsv'
[6.590s] INFO:colcon.colcon_core.shell:Creating environment hook '/home/pi/Desktop/Sidewalk_Robot_XJTLUxNUS/install/motor_control/share/motor_control/hook/ament_prefix_path.sh'
[6.595s] DEBUG:colcon.colcon_core.shell:Skip shell extension 'dsv' for command environment
[7.799s] INFO:colcon.colcon_core.task.python.build:Building Python package in '/home/pi/Desktop/Sidewalk_Robot_XJTLUxNUS/src/motor_control'
[7.803s] DEBUG:colcon.colcon_core.shell:Skip shell extension 'dsv' for command environment
[9.466s] DEBUG:colcon.colcon_core.event_handler.log_command:Invoking command in '/home/pi/Desktop/Sidewalk_Robot_XJTLUxNUS/src/motor_control': PYTHONPATH=/home/pi/Desktop/Sidewalk_Robot_XJTLUxNUS/install/motor_control/lib/python3.10/site-packages:${PYTHONPATH} /usr/bin/python3 setup.py egg_info --egg-base ../../build/motor_control build --build-base /home/pi/Desktop/Sidewalk_Robot_XJTLUxNUS/build/motor_control/build install --prefix /home/pi/Desktop/Sidewalk_Robot_XJTLUxNUS/install/motor_control --record /home/pi/Desktop/Sidewalk_Robot_XJTLUxNUS/build/motor_control/install.log --single-version-externally-managed
[10.838s] DEBUG:colcon.colcon_core.event_handler.log_command:Invoked command in '/home/pi/Desktop/Sidewalk_Robot_XJTLUxNUS/src/motor_control' returned '0': PYTHONPATH=/home/pi/Desktop/Sidewalk_Robot_XJTLUxNUS/install/motor_control/lib/python3.10/site-packages:${PYTHONPATH} /usr/bin/python3 setup.py egg_info --egg-base ../../build/motor_control build --build-base /home/pi/Desktop/Sidewalk_Robot_XJTLUxNUS/build/motor_control/build install --prefix /home/pi/Desktop/Sidewalk_Robot_XJTLUxNUS/install/motor_control --record /home/pi/Desktop/Sidewalk_Robot_XJTLUxNUS/build/motor_control/install.log --single-version-externally-managed
[10.841s] Level 1:colcon.colcon_core.environment:checking '/home/pi/Desktop/Sidewalk_Robot_XJTLUxNUS/install/motor_control' for CMake module files
[10.844s] Level 1:colcon.colcon_core.environment:checking '/home/pi/Desktop/Sidewalk_Robot_XJTLUxNUS/install/motor_control' for CMake config files
[10.848s] Level 1:colcon.colcon_core.environment:checking '/home/pi/Desktop/Sidewalk_Robot_XJTLUxNUS/install/motor_control/lib'
[10.849s] Level 1:colcon.colcon_core.environment:checking '/home/pi/Desktop/Sidewalk_Robot_XJTLUxNUS/install/motor_control/bin'
[10.849s] Level 1:colcon.colcon_core.environment:checking '/home/pi/Desktop/Sidewalk_Robot_XJTLUxNUS/install/motor_control/lib/pkgconfig/motor_control.pc'
[10.850s] Level 1:colcon.colcon_core.environment:checking '/home/pi/Desktop/Sidewalk_Robot_XJTLUxNUS/install/motor_control/lib/python3.10/site-packages'
[10.851s] Level 1:colcon.colcon_core.shell:create_environment_hook('motor_control', 'pythonpath')
[10.855s] INFO:colcon.colcon_core.shell:Creating environment descriptor '/home/pi/Desktop/Sidewalk_Robot_XJTLUxNUS/install/motor_control/share/motor_control/hook/pythonpath.dsv'
[10.857s] INFO:colcon.colcon_core.shell:Creating environment hook '/home/pi/Desktop/Sidewalk_Robot_XJTLUxNUS/install/motor_control/share/motor_control/hook/pythonpath.sh'
[10.859s] Level 1:colcon.colcon_core.environment:checking '/home/pi/Desktop/Sidewalk_Robot_XJTLUxNUS/install/motor_control/bin'
[10.860s] Level 1:colcon.colcon_core.environment:create_environment_scripts_only(motor_control)
[10.863s] INFO:colcon.colcon_core.shell:Creating package descriptor '/home/pi/Desktop/Sidewalk_Robot_XJTLUxNUS/install/motor_control/share/motor_control/package.dsv'
[10.866s] INFO:colcon.colcon_core.shell:Creating package script '/home/pi/Desktop/Sidewalk_Robot_XJTLUxNUS/install/motor_control/share/motor_control/package.sh'
[10.868s] Level 1:colcon.colcon_core.environment:create_file_with_runtime_dependencies(/home/pi/Desktop/Sidewalk_Robot_XJTLUxNUS/install/motor_control/share/colcon-core/packages/motor_control)
[10.869s] DEBUG:colcon.colcon_core.executor.sequential:run_until_complete 'motor_control' finished with '0'
[10.870s] DEBUG:colcon.colcon_core.executor.sequential:run_until_complete 'share'
[10.870s] INFO:colcon.colcon_ros.task.ament_cmake.build:Building ROS package in '/home/pi/Desktop/Sidewalk_Robot_XJTLUxNUS/src/share' with build type 'ament_cmake'
[10.871s] INFO:colcon.colcon_cmake.task.cmake.build:Building CMake package in '/home/pi/Desktop/Sidewalk_Robot_XJTLUxNUS/src/share'
[10.874s] DEBUG:colcon.colcon_core.shell:Skip shell extension 'dsv' for command environment
[10.919s] DEBUG:colcon.colcon_core.event_handler.log_command:Invoking command in '/home/pi/Desktop/Sidewalk_Robot_XJTLUxNUS/build/share': CMAKE_PREFIX_PATH=${CMAKE_PREFIX_PATH}:/home/pi/Desktop/Sidewalk_Robot_XJTLUxNUS/install/motor_control:/home/pi/Desktop/Sidewalk_Robot_XJTLUxNUS/install/can_bus:/opt/ros/humble /usr/bin/cmake --build /home/pi/Desktop/Sidewalk_Robot_XJTLUxNUS/build/share -- -j4 -l4
[12.823s] DEBUG:colcon.colcon_core.event_handler.log_command:Invoked command in '/home/pi/Desktop/Sidewalk_Robot_XJTLUxNUS/build/share' returned '0': CMAKE_PREFIX_PATH=${CMAKE_PREFIX_PATH}:/home/pi/Desktop/Sidewalk_Robot_XJTLUxNUS/install/motor_control:/home/pi/Desktop/Sidewalk_Robot_XJTLUxNUS/install/can_bus:/opt/ros/humble /usr/bin/cmake --build /home/pi/Desktop/Sidewalk_Robot_XJTLUxNUS/build/share -- -j4 -l4
[13.281s] DEBUG:colcon.colcon_core.event_handler.log_command:Invoking command in '/home/pi/Desktop/Sidewalk_Robot_XJTLUxNUS/build/share': CMAKE_PREFIX_PATH=${CMAKE_PREFIX_PATH}:/home/pi/Desktop/Sidewalk_Robot_XJTLUxNUS/install/motor_control:/home/pi/Desktop/Sidewalk_Robot_XJTLUxNUS/install/can_bus:/opt/ros/humble /usr/bin/cmake --install /home/pi/Desktop/Sidewalk_Robot_XJTLUxNUS/build/share
[13.620s] Level 1:colcon.colcon_core.environment:create_environment_scripts_only(share)
[13.621s] DEBUG:colcon.colcon_core.event_handler.log_command:Invoked command in '/home/pi/Desktop/Sidewalk_Robot_XJTLUxNUS/build/share' returned '0': CMAKE_PREFIX_PATH=${CMAKE_PREFIX_PATH}:/home/pi/Desktop/Sidewalk_Robot_XJTLUxNUS/install/motor_control:/home/pi/Desktop/Sidewalk_Robot_XJTLUxNUS/install/can_bus:/opt/ros/humble /usr/bin/cmake --install /home/pi/Desktop/Sidewalk_Robot_XJTLUxNUS/build/share
[13.642s] Level 1:colcon.colcon_core.environment:checking '/home/pi/Desktop/Sidewalk_Robot_XJTLUxNUS/install/share' for CMake module files
[13.648s] Level 1:colcon.colcon_core.environment:checking '/home/pi/Desktop/Sidewalk_Robot_XJTLUxNUS/install/share' for CMake config files
[13.651s] Level 1:colcon.colcon_core.shell:create_environment_hook('share', 'cmake_prefix_path')
[13.655s] INFO:colcon.colcon_core.shell:Creating environment descriptor '/home/pi/Desktop/Sidewalk_Robot_XJTLUxNUS/install/share/share/share/hook/cmake_prefix_path.dsv'
[13.658s] INFO:colcon.colcon_core.shell:Creating environment hook '/home/pi/Desktop/Sidewalk_Robot_XJTLUxNUS/install/share/share/share/hook/cmake_prefix_path.sh'
[13.665s] Level 1:colcon.colcon_core.environment:checking '/home/pi/Desktop/Sidewalk_Robot_XJTLUxNUS/install/share/lib'
[13.666s] Level 1:colcon.colcon_core.shell:create_environment_hook('share', 'ld_library_path_lib')
[13.669s] INFO:colcon.colcon_core.shell:Creating environment descriptor '/home/pi/Desktop/Sidewalk_Robot_XJTLUxNUS/install/share/share/share/hook/ld_library_path_lib.dsv'
[13.673s] INFO:colcon.colcon_core.shell:Creating environment hook '/home/pi/Desktop/Sidewalk_Robot_XJTLUxNUS/install/share/share/share/hook/ld_library_path_lib.sh'
[13.676s] Level 1:colcon.colcon_core.environment:checking '/home/pi/Desktop/Sidewalk_Robot_XJTLUxNUS/install/share/bin'
[13.677s] Level 1:colcon.colcon_core.environment:checking '/home/pi/Desktop/Sidewalk_Robot_XJTLUxNUS/install/share/lib/pkgconfig/share.pc'
[13.680s] Level 1:colcon.colcon_core.environment:checking '/home/pi/Desktop/Sidewalk_Robot_XJTLUxNUS/install/share/lib/python3.10/site-packages'
[13.681s] Level 1:colcon.colcon_core.environment:checking '/home/pi/Desktop/Sidewalk_Robot_XJTLUxNUS/install/share/bin'
[13.684s] INFO:colcon.colcon_core.shell:Creating package descriptor '/home/pi/Desktop/Sidewalk_Robot_XJTLUxNUS/install/share/share/share/package.dsv'
[13.687s] INFO:colcon.colcon_core.shell:Creating package script '/home/pi/Desktop/Sidewalk_Robot_XJTLUxNUS/install/share/share/share/package.sh'
[13.689s] Level 1:colcon.colcon_core.environment:create_file_with_runtime_dependencies(/home/pi/Desktop/Sidewalk_Robot_XJTLUxNUS/install/share/share/colcon-core/packages/share)
[14.112s] Level 1:colcon.colcon_core.environment:create_environment_scripts_only(share)
[14.122s] Level 1:colcon.colcon_core.environment:checking '/home/pi/Desktop/Sidewalk_Robot_XJTLUxNUS/install/share' for CMake module files
[14.126s] Level 1:colcon.colcon_core.environment:checking '/home/pi/Desktop/Sidewalk_Robot_XJTLUxNUS/install/share' for CMake config files
[14.129s] Level 1:colcon.colcon_core.shell:create_environment_hook('share', 'cmake_prefix_path')
[14.133s] INFO:colcon.colcon_core.shell:Creating environment descriptor '/home/pi/Desktop/Sidewalk_Robot_XJTLUxNUS/install/share/share/share/hook/cmake_prefix_path.dsv'
[14.135s] INFO:colcon.colcon_core.shell:Creating environment hook '/home/pi/Desktop/Sidewalk_Robot_XJTLUxNUS/install/share/share/share/hook/cmake_prefix_path.sh'
[14.138s] Level 1:colcon.colcon_core.environment:checking '/home/pi/Desktop/Sidewalk_Robot_XJTLUxNUS/install/share/lib'
[14.138s] Level 1:colcon.colcon_core.shell:create_environment_hook('share', 'ld_library_path_lib')
[14.142s] INFO:colcon.colcon_core.shell:Creating environment descriptor '/home/pi/Desktop/Sidewalk_Robot_XJTLUxNUS/install/share/share/share/hook/ld_library_path_lib.dsv'
[14.144s] INFO:colcon.colcon_core.shell:Creating environment hook '/home/pi/Desktop/Sidewalk_Robot_XJTLUxNUS/install/share/share/share/hook/ld_library_path_lib.sh'
[14.146s] Level 1:colcon.colcon_core.environment:checking '/home/pi/Desktop/Sidewalk_Robot_XJTLUxNUS/install/share/bin'
[14.146s] Level 1:colcon.colcon_core.environment:checking '/home/pi/Desktop/Sidewalk_Robot_XJTLUxNUS/install/share/lib/pkgconfig/share.pc'
[14.147s] Level 1:colcon.colcon_core.environment:checking '/home/pi/Desktop/Sidewalk_Robot_XJTLUxNUS/install/share/lib/python3.10/site-packages'
[14.148s] Level 1:colcon.colcon_core.environment:checking '/home/pi/Desktop/Sidewalk_Robot_XJTLUxNUS/install/share/bin'
[14.152s] INFO:colcon.colcon_core.shell:Creating package descriptor '/home/pi/Desktop/Sidewalk_Robot_XJTLUxNUS/install/share/share/share/package.dsv'
[14.154s] INFO:colcon.colcon_core.shell:Creating package script '/home/pi/Desktop/Sidewalk_Robot_XJTLUxNUS/install/share/share/share/package.sh'
[14.157s] Level 1:colcon.colcon_core.environment:create_file_with_runtime_dependencies(/home/pi/Desktop/Sidewalk_Robot_XJTLUxNUS/install/share/share/colcon-core/packages/share)
[14.158s] DEBUG:colcon.colcon_core.executor.sequential:run_until_complete 'share' finished with '0'
[14.158s] DEBUG:colcon.colcon_core.executor.sequential:closing loop
[14.159s] DEBUG:colcon.colcon_core.executor.sequential:loop closed
[14.159s] DEBUG:colcon.colcon_core.event_reactor:joining thread
[14.160s] DEBUG:colcon.colcon_core.event_reactor:joined thread
[14.163s] INFO:colcon.colcon_core.shell:Creating prefix script '/home/pi/Desktop/Sidewalk_Robot_XJTLUxNUS/install/local_setup.sh'
[14.166s] INFO:colcon.colcon_core.shell:Creating prefix util module '/home/pi/Desktop/Sidewalk_Robot_XJTLUxNUS/install/_local_setup_util_sh.py'
[14.172s] INFO:colcon.colcon_core.shell:Creating prefix chain script '/home/pi/Desktop/Sidewalk_Robot_XJTLUxNUS/install/setup.sh'
