[1.089s] DEBUG:colcon:Command line arguments: ['/usr/bin/colcon', 'build']
[1.090s] DEBUG:colcon:Parsed command line arguments: Namespace(log_base=None, log_level=None, verb_name='build', build_base='build', install_base='install', merge_install=False, symlink_install=False, test_result_base=None, continue_on_error=False, executor='sequential', event_handlers=None, base_paths=['.'], paths=None, cmake_args=None, cmake_target=None, cmake_target_skip_unavailable=False, cmake_clean_cache=False, cmake_clean_first=False, cmake_force_configure=False, ament_cmake_args=None, catkin_cmake_args=None, catkin_skip_building_tests=False, verb_parser=CustomArgumentParser(prog='colcon build', usage=None, description='Build a set of packages.', formatter_class=<class 'colcon_core.command.CustomFormatter'>, conflict_handler='error', add_help=True), verb_extension=<colcon_core.verb.build.BuildVerb object at 0xffff8f361f60>, main=<bound method BuildVerb.main of <colcon_core.verb.build.BuildVerb object at 0xffff8f361f60>>)
[1.202s] Level 1:colcon.colcon_core.package_discovery:discover_packages(recursive) check parameters
[1.202s] Level 1:colcon.colcon_core.package_discovery:discover_packages(path) check parameters
[1.203s] Level 1:colcon.colcon_core.package_discovery:discover_packages(recursive) discover
[1.203s] INFO:colcon.colcon_core.package_discovery:Crawling recursively for packages in '/home/pi/Sidewalk_Robot_XJTLUxNUS/sensors/src'
[1.203s] Level 1:colcon.colcon_core.package_identification:_identify(.) by extensions ['ignore', 'ignore_ament_install']
[1.204s] Level 1:colcon.colcon_core.package_identification:_identify(.) by extension 'ignore'
[1.204s] Level 1:colcon.colcon_core.package_identification:_identify(.) by extension 'ignore_ament_install'
[1.204s] Level 1:colcon.colcon_core.package_identification:_identify(.) by extensions ['ros']
[1.205s] Level 1:colcon.colcon_core.package_identification:_identify(.) by extension 'ros'
[1.250s] Level 1:colcon.colcon_core.package_identification:_identify(.) by extensions ['cmake', 'python']
[1.250s] Level 1:colcon.colcon_core.package_identification:_identify(.) by extension 'cmake'
[1.250s] Level 1:colcon.colcon_core.package_identification:_identify(.) by extension 'python'
[1.251s] Level 1:colcon.colcon_core.package_identification:_identify(.) by extensions ['python_setup_py']
[1.251s] Level 1:colcon.colcon_core.package_identification:_identify(.) by extension 'python_setup_py'
[1.251s] Level 1:colcon.colcon_core.package_identification:_identify(build) by extensions ['ignore', 'ignore_ament_install']
[1.252s] Level 1:colcon.colcon_core.package_identification:_identify(build) by extension 'ignore'
[1.252s] Level 1:colcon.colcon_core.package_identification:_identify(build) ignored
[1.252s] Level 1:colcon.colcon_core.package_identification:_identify(imu) by extensions ['ignore', 'ignore_ament_install']
[1.253s] Level 1:colcon.colcon_core.package_identification:_identify(imu) by extension 'ignore'
[1.253s] Level 1:colcon.colcon_core.package_identification:_identify(imu) by extension 'ignore_ament_install'
[1.253s] Level 1:colcon.colcon_core.package_identification:_identify(imu) by extensions ['ros']
[1.253s] Level 1:colcon.colcon_core.package_identification:_identify(imu) by extension 'ros'
[1.262s] DEBUG:colcon.colcon_core.package_identification:Package 'imu' with type 'ros.ament_python' and name 'imu'
[1.263s] Level 1:colcon.colcon_core.package_identification:_identify(install) by extensions ['ignore', 'ignore_ament_install']
[1.263s] Level 1:colcon.colcon_core.package_identification:_identify(install) by extension 'ignore'
[1.263s] Level 1:colcon.colcon_core.package_identification:_identify(install) ignored
[1.264s] Level 1:colcon.colcon_core.package_identification:_identify(log) by extensions ['ignore', 'ignore_ament_install']
[1.264s] Level 1:colcon.colcon_core.package_identification:_identify(log) by extension 'ignore'
[1.264s] Level 1:colcon.colcon_core.package_identification:_identify(log) ignored
[1.265s] Level 1:colcon.colcon_core.package_identification:_identify(share) by extensions ['ignore', 'ignore_ament_install']
[1.265s] Level 1:colcon.colcon_core.package_identification:_identify(share) by extension 'ignore'
[1.265s] Level 1:colcon.colcon_core.package_identification:_identify(share) by extension 'ignore_ament_install'
[1.265s] Level 1:colcon.colcon_core.package_identification:_identify(share) by extensions ['ros']
[1.265s] Level 1:colcon.colcon_core.package_identification:_identify(share) by extension 'ros'
[1.267s] DEBUG:colcon.colcon_core.package_identification:Package 'share' with type 'ros.ament_cmake' and name 'share'
[1.268s] Level 1:colcon.colcon_core.package_identification:_identify(ultrasonic) by extensions ['ignore', 'ignore_ament_install']
[1.268s] Level 1:colcon.colcon_core.package_identification:_identify(ultrasonic) by extension 'ignore'
[1.268s] Level 1:colcon.colcon_core.package_identification:_identify(ultrasonic) by extension 'ignore_ament_install'
[1.269s] Level 1:colcon.colcon_core.package_identification:_identify(ultrasonic) by extensions ['ros']
[1.269s] Level 1:colcon.colcon_core.package_identification:_identify(ultrasonic) by extension 'ros'
[1.270s] DEBUG:colcon.colcon_core.package_identification:Package 'ultrasonic' with type 'ros.ament_python' and name 'ultrasonic'
[1.271s] Level 1:colcon.colcon_core.package_discovery:discover_packages(recursive) using defaults
[1.271s] Level 1:colcon.colcon_core.package_discovery:discover_packages(path) discover
[1.271s] Level 1:colcon.colcon_core.package_discovery:discover_packages(path) using defaults
[1.378s] Level 5:colcon.colcon_core.verb:set package 'imu' build argument 'cmake_args' from command line to 'None'
[1.379s] Level 5:colcon.colcon_core.verb:set package 'imu' build argument 'cmake_target' from command line to 'None'
[1.379s] Level 5:colcon.colcon_core.verb:set package 'imu' build argument 'cmake_target_skip_unavailable' from command line to 'False'
[1.379s] Level 5:colcon.colcon_core.verb:set package 'imu' build argument 'cmake_clean_cache' from command line to 'False'
[1.379s] Level 5:colcon.colcon_core.verb:set package 'imu' build argument 'cmake_clean_first' from command line to 'False'
[1.379s] Level 5:colcon.colcon_core.verb:set package 'imu' build argument 'cmake_force_configure' from command line to 'False'
[1.379s] Level 5:colcon.colcon_core.verb:set package 'imu' build argument 'ament_cmake_args' from command line to 'None'
[1.379s] Level 5:colcon.colcon_core.verb:set package 'imu' build argument 'catkin_cmake_args' from command line to 'None'
[1.379s] Level 5:colcon.colcon_core.verb:set package 'imu' build argument 'catkin_skip_building_tests' from command line to 'False'
[1.379s] DEBUG:colcon.colcon_core.verb:Building package 'imu' with the following arguments: {'ament_cmake_args': None, 'build_base': '/home/pi/Sidewalk_Robot_XJTLUxNUS/sensors/src/build/imu', 'catkin_cmake_args': None, 'catkin_skip_building_tests': False, 'cmake_args': None, 'cmake_clean_cache': False, 'cmake_clean_first': False, 'cmake_force_configure': False, 'cmake_target': None, 'cmake_target_skip_unavailable': False, 'install_base': '/home/pi/Sidewalk_Robot_XJTLUxNUS/sensors/src/install/imu', 'merge_install': False, 'path': '/home/pi/Sidewalk_Robot_XJTLUxNUS/sensors/src/imu', 'symlink_install': False, 'test_result_base': None}
[1.384s] Level 5:colcon.colcon_core.verb:set package 'share' build argument 'cmake_args' from command line to 'None'
[1.384s] Level 5:colcon.colcon_core.verb:set package 'share' build argument 'cmake_target' from command line to 'None'
[1.384s] Level 5:colcon.colcon_core.verb:set package 'share' build argument 'cmake_target_skip_unavailable' from command line to 'False'
[1.384s] Level 5:colcon.colcon_core.verb:set package 'share' build argument 'cmake_clean_cache' from command line to 'False'
[1.384s] Level 5:colcon.colcon_core.verb:set package 'share' build argument 'cmake_clean_first' from command line to 'False'
[1.384s] Level 5:colcon.colcon_core.verb:set package 'share' build argument 'cmake_force_configure' from command line to 'False'
[1.385s] Level 5:colcon.colcon_core.verb:set package 'share' build argument 'ament_cmake_args' from command line to 'None'
[1.385s] Level 5:colcon.colcon_core.verb:set package 'share' build argument 'catkin_cmake_args' from command line to 'None'
[1.385s] Level 5:colcon.colcon_core.verb:set package 'share' build argument 'catkin_skip_building_tests' from command line to 'False'
[1.385s] DEBUG:colcon.colcon_core.verb:Building package 'share' with the following arguments: {'ament_cmake_args': None, 'build_base': '/home/pi/Sidewalk_Robot_XJTLUxNUS/sensors/src/build/share', 'catkin_cmake_args': None, 'catkin_skip_building_tests': False, 'cmake_args': None, 'cmake_clean_cache': False, 'cmake_clean_first': False, 'cmake_force_configure': False, 'cmake_target': None, 'cmake_target_skip_unavailable': False, 'install_base': '/home/pi/Sidewalk_Robot_XJTLUxNUS/sensors/src/install/share', 'merge_install': False, 'path': '/home/pi/Sidewalk_Robot_XJTLUxNUS/sensors/src/share', 'symlink_install': False, 'test_result_base': None}
[1.389s] Level 5:colcon.colcon_core.verb:set package 'ultrasonic' build argument 'cmake_args' from command line to 'None'
[1.389s] Level 5:colcon.colcon_core.verb:set package 'ultrasonic' build argument 'cmake_target' from command line to 'None'
[1.389s] Level 5:colcon.colcon_core.verb:set package 'ultrasonic' build argument 'cmake_target_skip_unavailable' from command line to 'False'
[1.390s] Level 5:colcon.colcon_core.verb:set package 'ultrasonic' build argument 'cmake_clean_cache' from command line to 'False'
[1.390s] Level 5:colcon.colcon_core.verb:set package 'ultrasonic' build argument 'cmake_clean_first' from command line to 'False'
[1.390s] Level 5:colcon.colcon_core.verb:set package 'ultrasonic' build argument 'cmake_force_configure' from command line to 'False'
[1.390s] Level 5:colcon.colcon_core.verb:set package 'ultrasonic' build argument 'ament_cmake_args' from command line to 'None'
[1.390s] Level 5:colcon.colcon_core.verb:set package 'ultrasonic' build argument 'catkin_cmake_args' from command line to 'None'
[1.390s] Level 5:colcon.colcon_core.verb:set package 'ultrasonic' build argument 'catkin_skip_building_tests' from command line to 'False'
[1.390s] DEBUG:colcon.colcon_core.verb:Building package 'ultrasonic' with the following arguments: {'ament_cmake_args': None, 'build_base': '/home/pi/Sidewalk_Robot_XJTLUxNUS/sensors/src/build/ultrasonic', 'catkin_cmake_args': None, 'catkin_skip_building_tests': False, 'cmake_args': None, 'cmake_clean_cache': False, 'cmake_clean_first': False, 'cmake_force_configure': False, 'cmake_target': None, 'cmake_target_skip_unavailable': False, 'install_base': '/home/pi/Sidewalk_Robot_XJTLUxNUS/sensors/src/install/ultrasonic', 'merge_install': False, 'path': '/home/pi/Sidewalk_Robot_XJTLUxNUS/sensors/src/ultrasonic', 'symlink_install': False, 'test_result_base': None}
[1.392s] INFO:colcon.colcon_core.executor:Executing jobs using 'sequential' executor
[1.398s] DEBUG:colcon.colcon_core.executor.sequential:run_until_complete 'imu'
[1.399s] INFO:colcon.colcon_ros.task.ament_python.build:Building ROS package in '/home/pi/Sidewalk_Robot_XJTLUxNUS/sensors/src/imu' with build type 'ament_python'
[1.399s] Level 1:colcon.colcon_core.shell:create_environment_hook('imu', 'ament_prefix_path')
[1.406s] INFO:colcon.colcon_core.plugin_system:Skipping extension 'colcon_core.shell.bat': Not used on non-Windows systems
[1.407s] INFO:colcon.colcon_core.shell:Creating environment descriptor '/home/pi/Sidewalk_Robot_XJTLUxNUS/sensors/src/install/imu/share/imu/hook/ament_prefix_path.dsv'
[1.409s] INFO:colcon.colcon_core.shell:Creating environment hook '/home/pi/Sidewalk_Robot_XJTLUxNUS/sensors/src/install/imu/share/imu/hook/ament_prefix_path.sh'
[1.416s] DEBUG:colcon.colcon_core.shell:Skip shell extension 'dsv' for command environment
[2.677s] INFO:colcon.colcon_core.task.python.build:Building Python package in '/home/pi/Sidewalk_Robot_XJTLUxNUS/sensors/src/imu'
[2.681s] DEBUG:colcon.colcon_core.shell:Skip shell extension 'dsv' for command environment
[4.327s] DEBUG:colcon.colcon_core.event_handler.log_command:Invoking command in '/home/pi/Sidewalk_Robot_XJTLUxNUS/sensors/src/imu': PYTHONPATH=/home/pi/Sidewalk_Robot_XJTLUxNUS/sensors/src/build/imu/prefix_override:/home/pi/Sidewalk_Robot_XJTLUxNUS/sensors/src/install/imu/lib/python3.10/site-packages:${PYTHONPATH} /usr/bin/python3 setup.py egg_info --egg-base ../build/imu build --build-base /home/pi/Sidewalk_Robot_XJTLUxNUS/sensors/src/build/imu/build install --record /home/pi/Sidewalk_Robot_XJTLUxNUS/sensors/src/build/imu/install.log --single-version-externally-managed
[5.708s] DEBUG:colcon.colcon_core.event_handler.log_command:Invoked command in '/home/pi/Sidewalk_Robot_XJTLUxNUS/sensors/src/imu' returned '0': PYTHONPATH=/home/pi/Sidewalk_Robot_XJTLUxNUS/sensors/src/build/imu/prefix_override:/home/pi/Sidewalk_Robot_XJTLUxNUS/sensors/src/install/imu/lib/python3.10/site-packages:${PYTHONPATH} /usr/bin/python3 setup.py egg_info --egg-base ../build/imu build --build-base /home/pi/Sidewalk_Robot_XJTLUxNUS/sensors/src/build/imu/build install --record /home/pi/Sidewalk_Robot_XJTLUxNUS/sensors/src/build/imu/install.log --single-version-externally-managed
[5.728s] Level 1:colcon.colcon_core.environment:checking '/home/pi/Sidewalk_Robot_XJTLUxNUS/sensors/src/install/imu' for CMake module files
[5.731s] Level 1:colcon.colcon_core.environment:checking '/home/pi/Sidewalk_Robot_XJTLUxNUS/sensors/src/install/imu' for CMake config files
[5.735s] Level 1:colcon.colcon_core.environment:checking '/home/pi/Sidewalk_Robot_XJTLUxNUS/sensors/src/install/imu/lib'
[5.735s] Level 1:colcon.colcon_core.environment:checking '/home/pi/Sidewalk_Robot_XJTLUxNUS/sensors/src/install/imu/bin'
[5.736s] Level 1:colcon.colcon_core.environment:checking '/home/pi/Sidewalk_Robot_XJTLUxNUS/sensors/src/install/imu/lib/pkgconfig/imu.pc'
[5.737s] Level 1:colcon.colcon_core.environment:checking '/home/pi/Sidewalk_Robot_XJTLUxNUS/sensors/src/install/imu/lib/python3.10/site-packages'
[5.737s] Level 1:colcon.colcon_core.shell:create_environment_hook('imu', 'pythonpath')
[5.740s] INFO:colcon.colcon_core.shell:Creating environment descriptor '/home/pi/Sidewalk_Robot_XJTLUxNUS/sensors/src/install/imu/share/imu/hook/pythonpath.dsv'
[5.742s] INFO:colcon.colcon_core.shell:Creating environment hook '/home/pi/Sidewalk_Robot_XJTLUxNUS/sensors/src/install/imu/share/imu/hook/pythonpath.sh'
[5.745s] Level 1:colcon.colcon_core.environment:checking '/home/pi/Sidewalk_Robot_XJTLUxNUS/sensors/src/install/imu/bin'
[5.745s] Level 1:colcon.colcon_core.environment:create_environment_scripts_only(imu)
[5.749s] INFO:colcon.colcon_core.shell:Creating package descriptor '/home/pi/Sidewalk_Robot_XJTLUxNUS/sensors/src/install/imu/share/imu/package.dsv'
[5.751s] INFO:colcon.colcon_core.shell:Creating package script '/home/pi/Sidewalk_Robot_XJTLUxNUS/sensors/src/install/imu/share/imu/package.sh'
[5.754s] Level 1:colcon.colcon_core.environment:create_file_with_runtime_dependencies(/home/pi/Sidewalk_Robot_XJTLUxNUS/sensors/src/install/imu/share/colcon-core/packages/imu)
[5.755s] DEBUG:colcon.colcon_core.executor.sequential:run_until_complete 'imu' finished with '0'
[5.756s] DEBUG:colcon.colcon_core.executor.sequential:run_until_complete 'share'
[5.756s] INFO:colcon.colcon_ros.task.ament_cmake.build:Building ROS package in '/home/pi/Sidewalk_Robot_XJTLUxNUS/sensors/src/share' with build type 'ament_cmake'
[5.757s] INFO:colcon.colcon_cmake.task.cmake.build:Building CMake package in '/home/pi/Sidewalk_Robot_XJTLUxNUS/sensors/src/share'
[5.760s] DEBUG:colcon.colcon_core.shell:Skip shell extension 'dsv' for command environment
[5.808s] DEBUG:colcon.colcon_core.event_handler.log_command:Invoking command in '/home/pi/Sidewalk_Robot_XJTLUxNUS/sensors/src/build/share': CMAKE_PREFIX_PATH=${CMAKE_PREFIX_PATH}:/home/pi/Sidewalk_Robot_XJTLUxNUS/sensors/src/install/ultrasonic:/home/pi/Sidewalk_Robot_XJTLUxNUS/sensors/src/install/imu:/home/pi/Sidewalk_Robot_XJTLUxNUS/sensors/install/ultrasonic:/home/pi/Sidewalk_Robot_XJTLUxNUS/sensors/install/imu:/home/pi/Sidewalk_Robot_XJTLUxNUS/main/install/motor_control:/home/pi/Sidewalk_Robot_XJTLUxNUS/main/install/can_bus:/opt/ros/humble /usr/bin/cmake --build /home/pi/Sidewalk_Robot_XJTLUxNUS/sensors/src/build/share -- -j4 -l4
[5.971s] DEBUG:colcon.colcon_core.event_handler.log_command:Invoked command in '/home/pi/Sidewalk_Robot_XJTLUxNUS/sensors/src/build/share' returned '0': CMAKE_PREFIX_PATH=${CMAKE_PREFIX_PATH}:/home/pi/Sidewalk_Robot_XJTLUxNUS/sensors/src/install/ultrasonic:/home/pi/Sidewalk_Robot_XJTLUxNUS/sensors/src/install/imu:/home/pi/Sidewalk_Robot_XJTLUxNUS/sensors/install/ultrasonic:/home/pi/Sidewalk_Robot_XJTLUxNUS/sensors/install/imu:/home/pi/Sidewalk_Robot_XJTLUxNUS/main/install/motor_control:/home/pi/Sidewalk_Robot_XJTLUxNUS/main/install/can_bus:/opt/ros/humble /usr/bin/cmake --build /home/pi/Sidewalk_Robot_XJTLUxNUS/sensors/src/build/share -- -j4 -l4
[6.127s] DEBUG:colcon.colcon_core.event_handler.log_command:Invoking command in '/home/pi/Sidewalk_Robot_XJTLUxNUS/sensors/src/build/share': CMAKE_PREFIX_PATH=${CMAKE_PREFIX_PATH}:/home/pi/Sidewalk_Robot_XJTLUxNUS/sensors/src/install/ultrasonic:/home/pi/Sidewalk_Robot_XJTLUxNUS/sensors/src/install/imu:/home/pi/Sidewalk_Robot_XJTLUxNUS/sensors/install/ultrasonic:/home/pi/Sidewalk_Robot_XJTLUxNUS/sensors/install/imu:/home/pi/Sidewalk_Robot_XJTLUxNUS/main/install/motor_control:/home/pi/Sidewalk_Robot_XJTLUxNUS/main/install/can_bus:/opt/ros/humble /usr/bin/cmake --install /home/pi/Sidewalk_Robot_XJTLUxNUS/sensors/src/build/share
[6.173s] Level 1:colcon.colcon_core.environment:create_environment_scripts_only(share)
[6.173s] DEBUG:colcon.colcon_core.event_handler.log_command:Invoked command in '/home/pi/Sidewalk_Robot_XJTLUxNUS/sensors/src/build/share' returned '0': CMAKE_PREFIX_PATH=${CMAKE_PREFIX_PATH}:/home/pi/Sidewalk_Robot_XJTLUxNUS/sensors/src/install/ultrasonic:/home/pi/Sidewalk_Robot_XJTLUxNUS/sensors/src/install/imu:/home/pi/Sidewalk_Robot_XJTLUxNUS/sensors/install/ultrasonic:/home/pi/Sidewalk_Robot_XJTLUxNUS/sensors/install/imu:/home/pi/Sidewalk_Robot_XJTLUxNUS/main/install/motor_control:/home/pi/Sidewalk_Robot_XJTLUxNUS/main/install/can_bus:/opt/ros/humble /usr/bin/cmake --install /home/pi/Sidewalk_Robot_XJTLUxNUS/sensors/src/build/share
[6.181s] Level 1:colcon.colcon_core.environment:checking '/home/pi/Sidewalk_Robot_XJTLUxNUS/sensors/src/install/share' for CMake module files
[6.184s] Level 1:colcon.colcon_core.environment:checking '/home/pi/Sidewalk_Robot_XJTLUxNUS/sensors/src/install/share' for CMake config files
[6.186s] Level 1:colcon.colcon_core.shell:create_environment_hook('share', 'cmake_prefix_path')
[6.189s] INFO:colcon.colcon_core.shell:Creating environment descriptor '/home/pi/Sidewalk_Robot_XJTLUxNUS/sensors/src/install/share/share/share/hook/cmake_prefix_path.dsv'
[6.191s] INFO:colcon.colcon_core.shell:Creating environment hook '/home/pi/Sidewalk_Robot_XJTLUxNUS/sensors/src/install/share/share/share/hook/cmake_prefix_path.sh'
[6.193s] Level 1:colcon.colcon_core.environment:checking '/home/pi/Sidewalk_Robot_XJTLUxNUS/sensors/src/install/share/bin'
[6.193s] Level 1:colcon.colcon_core.environment:checking '/home/pi/Sidewalk_Robot_XJTLUxNUS/sensors/src/install/share/lib/pkgconfig/share.pc'
[6.194s] Level 1:colcon.colcon_core.environment:checking '/home/pi/Sidewalk_Robot_XJTLUxNUS/sensors/src/install/share/lib/python3.10/site-packages'
[6.195s] Level 1:colcon.colcon_core.environment:checking '/home/pi/Sidewalk_Robot_XJTLUxNUS/sensors/src/install/share/bin'
[6.199s] INFO:colcon.colcon_core.shell:Creating package descriptor '/home/pi/Sidewalk_Robot_XJTLUxNUS/sensors/src/install/share/share/share/package.dsv'
[6.201s] INFO:colcon.colcon_core.shell:Creating package script '/home/pi/Sidewalk_Robot_XJTLUxNUS/sensors/src/install/share/share/share/package.sh'
[6.203s] Level 1:colcon.colcon_core.environment:create_file_with_runtime_dependencies(/home/pi/Sidewalk_Robot_XJTLUxNUS/sensors/src/install/share/share/colcon-core/packages/share)
[6.325s] Level 1:colcon.colcon_core.environment:create_environment_scripts_only(share)
[6.336s] Level 1:colcon.colcon_core.environment:checking '/home/pi/Sidewalk_Robot_XJTLUxNUS/sensors/src/install/share' for CMake module files
[6.340s] Level 1:colcon.colcon_core.environment:checking '/home/pi/Sidewalk_Robot_XJTLUxNUS/sensors/src/install/share' for CMake config files
[6.342s] Level 1:colcon.colcon_core.shell:create_environment_hook('share', 'cmake_prefix_path')
[6.345s] INFO:colcon.colcon_core.shell:Creating environment descriptor '/home/pi/Sidewalk_Robot_XJTLUxNUS/sensors/src/install/share/share/share/hook/cmake_prefix_path.dsv'
[6.347s] INFO:colcon.colcon_core.shell:Creating environment hook '/home/pi/Sidewalk_Robot_XJTLUxNUS/sensors/src/install/share/share/share/hook/cmake_prefix_path.sh'
[6.349s] Level 1:colcon.colcon_core.environment:checking '/home/pi/Sidewalk_Robot_XJTLUxNUS/sensors/src/install/share/bin'
[6.349s] Level 1:colcon.colcon_core.environment:checking '/home/pi/Sidewalk_Robot_XJTLUxNUS/sensors/src/install/share/lib/pkgconfig/share.pc'
[6.350s] Level 1:colcon.colcon_core.environment:checking '/home/pi/Sidewalk_Robot_XJTLUxNUS/sensors/src/install/share/lib/python3.10/site-packages'
[6.351s] Level 1:colcon.colcon_core.environment:checking '/home/pi/Sidewalk_Robot_XJTLUxNUS/sensors/src/install/share/bin'
[6.354s] INFO:colcon.colcon_core.shell:Creating package descriptor '/home/pi/Sidewalk_Robot_XJTLUxNUS/sensors/src/install/share/share/share/package.dsv'
[6.356s] INFO:colcon.colcon_core.shell:Creating package script '/home/pi/Sidewalk_Robot_XJTLUxNUS/sensors/src/install/share/share/share/package.sh'
[6.359s] Level 1:colcon.colcon_core.environment:create_file_with_runtime_dependencies(/home/pi/Sidewalk_Robot_XJTLUxNUS/sensors/src/install/share/share/colcon-core/packages/share)
[6.360s] DEBUG:colcon.colcon_core.executor.sequential:run_until_complete 'share' finished with '0'
[6.360s] DEBUG:colcon.colcon_core.executor.sequential:run_until_complete 'ultrasonic'
[6.360s] INFO:colcon.colcon_ros.task.ament_python.build:Building ROS package in '/home/pi/Sidewalk_Robot_XJTLUxNUS/sensors/src/ultrasonic' with build type 'ament_python'
[6.361s] Level 1:colcon.colcon_core.shell:create_environment_hook('ultrasonic', 'ament_prefix_path')
[6.364s] INFO:colcon.colcon_core.shell:Creating environment descriptor '/home/pi/Sidewalk_Robot_XJTLUxNUS/sensors/src/install/ultrasonic/share/ultrasonic/hook/ament_prefix_path.dsv'
[6.366s] INFO:colcon.colcon_core.shell:Creating environment hook '/home/pi/Sidewalk_Robot_XJTLUxNUS/sensors/src/install/ultrasonic/share/ultrasonic/hook/ament_prefix_path.sh'
[6.371s] DEBUG:colcon.colcon_core.shell:Skip shell extension 'dsv' for command environment
[7.668s] INFO:colcon.colcon_core.task.python.build:Building Python package in '/home/pi/Sidewalk_Robot_XJTLUxNUS/sensors/src/ultrasonic'
[7.672s] DEBUG:colcon.colcon_core.shell:Skip shell extension 'dsv' for command environment
[9.320s] DEBUG:colcon.colcon_core.event_handler.log_command:Invoking command in '/home/pi/Sidewalk_Robot_XJTLUxNUS/sensors/src/ultrasonic': PYTHONPATH=/home/pi/Sidewalk_Robot_XJTLUxNUS/sensors/src/build/ultrasonic/prefix_override:/home/pi/Sidewalk_Robot_XJTLUxNUS/sensors/src/install/ultrasonic/lib/python3.10/site-packages:${PYTHONPATH} /usr/bin/python3 setup.py egg_info --egg-base ../build/ultrasonic build --build-base /home/pi/Sidewalk_Robot_XJTLUxNUS/sensors/src/build/ultrasonic/build install --record /home/pi/Sidewalk_Robot_XJTLUxNUS/sensors/src/build/ultrasonic/install.log --single-version-externally-managed
[10.691s] DEBUG:colcon.colcon_core.event_handler.log_command:Invoked command in '/home/pi/Sidewalk_Robot_XJTLUxNUS/sensors/src/ultrasonic' returned '0': PYTHONPATH=/home/pi/Sidewalk_Robot_XJTLUxNUS/sensors/src/build/ultrasonic/prefix_override:/home/pi/Sidewalk_Robot_XJTLUxNUS/sensors/src/install/ultrasonic/lib/python3.10/site-packages:${PYTHONPATH} /usr/bin/python3 setup.py egg_info --egg-base ../build/ultrasonic build --build-base /home/pi/Sidewalk_Robot_XJTLUxNUS/sensors/src/build/ultrasonic/build install --record /home/pi/Sidewalk_Robot_XJTLUxNUS/sensors/src/build/ultrasonic/install.log --single-version-externally-managed
[10.694s] Level 1:colcon.colcon_core.environment:checking '/home/pi/Sidewalk_Robot_XJTLUxNUS/sensors/src/install/ultrasonic' for CMake module files
[10.696s] Level 1:colcon.colcon_core.environment:checking '/home/pi/Sidewalk_Robot_XJTLUxNUS/sensors/src/install/ultrasonic' for CMake config files
[10.699s] Level 1:colcon.colcon_core.environment:checking '/home/pi/Sidewalk_Robot_XJTLUxNUS/sensors/src/install/ultrasonic/lib'
[10.699s] Level 1:colcon.colcon_core.environment:checking '/home/pi/Sidewalk_Robot_XJTLUxNUS/sensors/src/install/ultrasonic/bin'
[10.699s] Level 1:colcon.colcon_core.environment:checking '/home/pi/Sidewalk_Robot_XJTLUxNUS/sensors/src/install/ultrasonic/lib/pkgconfig/ultrasonic.pc'
[10.700s] Level 1:colcon.colcon_core.environment:checking '/home/pi/Sidewalk_Robot_XJTLUxNUS/sensors/src/install/ultrasonic/lib/python3.10/site-packages'
[10.701s] Level 1:colcon.colcon_core.shell:create_environment_hook('ultrasonic', 'pythonpath')
[10.704s] INFO:colcon.colcon_core.shell:Creating environment descriptor '/home/pi/Sidewalk_Robot_XJTLUxNUS/sensors/src/install/ultrasonic/share/ultrasonic/hook/pythonpath.dsv'
[10.706s] INFO:colcon.colcon_core.shell:Creating environment hook '/home/pi/Sidewalk_Robot_XJTLUxNUS/sensors/src/install/ultrasonic/share/ultrasonic/hook/pythonpath.sh'
[10.709s] Level 1:colcon.colcon_core.environment:checking '/home/pi/Sidewalk_Robot_XJTLUxNUS/sensors/src/install/ultrasonic/bin'
[10.709s] Level 1:colcon.colcon_core.environment:create_environment_scripts_only(ultrasonic)
[10.713s] INFO:colcon.colcon_core.shell:Creating package descriptor '/home/pi/Sidewalk_Robot_XJTLUxNUS/sensors/src/install/ultrasonic/share/ultrasonic/package.dsv'
[10.715s] INFO:colcon.colcon_core.shell:Creating package script '/home/pi/Sidewalk_Robot_XJTLUxNUS/sensors/src/install/ultrasonic/share/ultrasonic/package.sh'
[10.717s] Level 1:colcon.colcon_core.environment:create_file_with_runtime_dependencies(/home/pi/Sidewalk_Robot_XJTLUxNUS/sensors/src/install/ultrasonic/share/colcon-core/packages/ultrasonic)
[10.718s] DEBUG:colcon.colcon_core.executor.sequential:run_until_complete 'ultrasonic' finished with '0'
[10.718s] DEBUG:colcon.colcon_core.executor.sequential:closing loop
[10.719s] DEBUG:colcon.colcon_core.executor.sequential:loop closed
[10.719s] DEBUG:colcon.colcon_core.event_reactor:joining thread
[10.719s] DEBUG:colcon.colcon_core.event_reactor:joined thread
[10.723s] INFO:colcon.colcon_core.shell:Creating prefix script '/home/pi/Sidewalk_Robot_XJTLUxNUS/sensors/src/install/local_setup.sh'
[10.726s] INFO:colcon.colcon_core.shell:Creating prefix util module '/home/pi/Sidewalk_Robot_XJTLUxNUS/sensors/src/install/_local_setup_util_sh.py'
[10.731s] INFO:colcon.colcon_core.shell:Creating prefix chain script '/home/pi/Sidewalk_Robot_XJTLUxNUS/sensors/src/install/setup.sh'
