[0.975s] DEBUG:colcon:Command line arguments: ['/usr/bin/colcon', 'build']
[0.976s] DEBUG:colcon:Parsed command line arguments: Namespace(log_base=None, log_level=None, verb_name='build', build_base='build', install_base='install', merge_install=False, symlink_install=False, test_result_base=None, continue_on_error=False, executor='sequential', event_handlers=None, base_paths=['.'], paths=None, cmake_args=None, cmake_target=None, cmake_target_skip_unavailable=False, cmake_clean_cache=False, cmake_clean_first=False, cmake_force_configure=False, ament_cmake_args=None, catkin_cmake_args=None, catkin_skip_building_tests=False, verb_parser=CustomArgumentParser(prog='colcon build', usage=None, description='Build a set of packages.', formatter_class=<class 'colcon_core.command.CustomFormatter'>, conflict_handler='error', add_help=True), verb_extension=<colcon_core.verb.build.BuildVerb object at 0xffff8ad34df0>, main=<bound method BuildVerb.main of <colcon_core.verb.build.BuildVerb object at 0xffff8ad34df0>>)
[1.081s] Level 1:colcon.colcon_core.package_discovery:discover_packages(recursive) check parameters
[1.081s] Level 1:colcon.colcon_core.package_discovery:discover_packages(path) check parameters
[1.082s] Level 1:colcon.colcon_core.package_discovery:discover_packages(recursive) discover
[1.082s] INFO:colcon.colcon_core.package_discovery:Crawling recursively for packages in '/home/pi/Desktop/Sidewalk_Robot_XJTLUxNUS'
[1.082s] Level 1:colcon.colcon_core.package_identification:_identify(.) by extensions ['ignore', 'ignore_ament_install']
[1.083s] Level 1:colcon.colcon_core.package_identification:_identify(.) by extension 'ignore'
[1.083s] Level 1:colcon.colcon_core.package_identification:_identify(.) by extension 'ignore_ament_install'
[1.083s] Level 1:colcon.colcon_core.package_identification:_identify(.) by extensions ['ros']
[1.083s] Level 1:colcon.colcon_core.package_identification:_identify(.) by extension 'ros'
[1.129s] Level 1:colcon.colcon_core.package_identification:_identify(.) by extensions ['cmake', 'python']
[1.129s] Level 1:colcon.colcon_core.package_identification:_identify(.) by extension 'cmake'
[1.129s] Level 1:colcon.colcon_core.package_identification:_identify(.) by extension 'python'
[1.129s] Level 1:colcon.colcon_core.package_identification:_identify(.) by extensions ['python_setup_py']
[1.130s] Level 1:colcon.colcon_core.package_identification:_identify(.) by extension 'python_setup_py'
[1.130s] Level 1:colcon.colcon_core.package_identification:_identify(build) by extensions ['ignore', 'ignore_ament_install']
[1.131s] Level 1:colcon.colcon_core.package_identification:_identify(build) by extension 'ignore'
[1.131s] Level 1:colcon.colcon_core.package_identification:_identify(build) ignored
[1.131s] Level 1:colcon.colcon_core.package_identification:_identify(install) by extensions ['ignore', 'ignore_ament_install']
[1.132s] Level 1:colcon.colcon_core.package_identification:_identify(install) by extension 'ignore'
[1.132s] Level 1:colcon.colcon_core.package_identification:_identify(install) ignored
[1.132s] Level 1:colcon.colcon_core.package_identification:_identify(log) by extensions ['ignore', 'ignore_ament_install']
[1.132s] Level 1:colcon.colcon_core.package_identification:_identify(log) by extension 'ignore'
[1.133s] Level 1:colcon.colcon_core.package_identification:_identify(log) ignored
[1.133s] Level 1:colcon.colcon_core.package_identification:_identify(src) by extensions ['ignore', 'ignore_ament_install']
[1.133s] Level 1:colcon.colcon_core.package_identification:_identify(src) by extension 'ignore'
[1.133s] Level 1:colcon.colcon_core.package_identification:_identify(src) by extension 'ignore_ament_install'
[1.134s] Level 1:colcon.colcon_core.package_identification:_identify(src) by extensions ['ros']
[1.134s] Level 1:colcon.colcon_core.package_identification:_identify(src) by extension 'ros'
[1.134s] Level 1:colcon.colcon_core.package_identification:_identify(src) by extensions ['cmake', 'python']
[1.134s] Level 1:colcon.colcon_core.package_identification:_identify(src) by extension 'cmake'
[1.135s] Level 1:colcon.colcon_core.package_identification:_identify(src) by extension 'python'
[1.135s] Level 1:colcon.colcon_core.package_identification:_identify(src) by extensions ['python_setup_py']
[1.135s] Level 1:colcon.colcon_core.package_identification:_identify(src) by extension 'python_setup_py'
[1.135s] Level 1:colcon.colcon_core.package_identification:_identify(src/can_bus) by extensions ['ignore', 'ignore_ament_install']
[1.136s] Level 1:colcon.colcon_core.package_identification:_identify(src/can_bus) by extension 'ignore'
[1.136s] Level 1:colcon.colcon_core.package_identification:_identify(src/can_bus) by extension 'ignore_ament_install'
[1.136s] Level 1:colcon.colcon_core.package_identification:_identify(src/can_bus) by extensions ['ros']
[1.136s] Level 1:colcon.colcon_core.package_identification:_identify(src/can_bus) by extension 'ros'
[1.149s] DEBUG:colcon.colcon_core.package_identification:Package 'src/can_bus' with type 'ros.ament_python' and name 'can_bus'
[1.150s] Level 1:colcon.colcon_core.package_identification:_identify(src/motor_control) by extensions ['ignore', 'ignore_ament_install']
[1.150s] Level 1:colcon.colcon_core.package_identification:_identify(src/motor_control) by extension 'ignore'
[1.150s] Level 1:colcon.colcon_core.package_identification:_identify(src/motor_control) by extension 'ignore_ament_install'
[1.151s] Level 1:colcon.colcon_core.package_identification:_identify(src/motor_control) by extensions ['ros']
[1.151s] Level 1:colcon.colcon_core.package_identification:_identify(src/motor_control) by extension 'ros'
[1.153s] DEBUG:colcon.colcon_core.package_identification:Package 'src/motor_control' with type 'ros.ament_python' and name 'motor_control'
[1.153s] Level 1:colcon.colcon_core.package_identification:_identify(src/share) by extensions ['ignore', 'ignore_ament_install']
[1.154s] Level 1:colcon.colcon_core.package_identification:_identify(src/share) by extension 'ignore'
[1.154s] Level 1:colcon.colcon_core.package_identification:_identify(src/share) by extension 'ignore_ament_install'
[1.154s] Level 1:colcon.colcon_core.package_identification:_identify(src/share) by extensions ['ros']
[1.154s] Level 1:colcon.colcon_core.package_identification:_identify(src/share) by extension 'ros'
[1.156s] DEBUG:colcon.colcon_core.package_identification:Package 'src/share' with type 'ros.ament_cmake' and name 'share'
[1.156s] Level 1:colcon.colcon_core.package_discovery:discover_packages(recursive) using defaults
[1.157s] Level 1:colcon.colcon_core.package_discovery:discover_packages(path) discover
[1.157s] Level 1:colcon.colcon_core.package_discovery:discover_packages(path) using defaults
[1.261s] Level 5:colcon.colcon_core.verb:set package 'can_bus' build argument 'cmake_args' from command line to 'None'
[1.261s] Level 5:colcon.colcon_core.verb:set package 'can_bus' build argument 'cmake_target' from command line to 'None'
[1.261s] Level 5:colcon.colcon_core.verb:set package 'can_bus' build argument 'cmake_target_skip_unavailable' from command line to 'False'
[1.261s] Level 5:colcon.colcon_core.verb:set package 'can_bus' build argument 'cmake_clean_cache' from command line to 'False'
[1.261s] Level 5:colcon.colcon_core.verb:set package 'can_bus' build argument 'cmake_clean_first' from command line to 'False'
[1.261s] Level 5:colcon.colcon_core.verb:set package 'can_bus' build argument 'cmake_force_configure' from command line to 'False'
[1.261s] Level 5:colcon.colcon_core.verb:set package 'can_bus' build argument 'ament_cmake_args' from command line to 'None'
[1.262s] Level 5:colcon.colcon_core.verb:set package 'can_bus' build argument 'catkin_cmake_args' from command line to 'None'
[1.262s] Level 5:colcon.colcon_core.verb:set package 'can_bus' build argument 'catkin_skip_building_tests' from command line to 'False'
[1.262s] DEBUG:colcon.colcon_core.verb:Building package 'can_bus' with the following arguments: {'ament_cmake_args': None, 'build_base': '/home/pi/Desktop/Sidewalk_Robot_XJTLUxNUS/build/can_bus', 'catkin_cmake_args': None, 'catkin_skip_building_tests': False, 'cmake_args': None, 'cmake_clean_cache': False, 'cmake_clean_first': False, 'cmake_force_configure': False, 'cmake_target': None, 'cmake_target_skip_unavailable': False, 'install_base': '/home/pi/Desktop/Sidewalk_Robot_XJTLUxNUS/install/can_bus', 'merge_install': False, 'path': '/home/pi/Desktop/Sidewalk_Robot_XJTLUxNUS/src/can_bus', 'symlink_install': False, 'test_result_base': None}
[1.266s] Level 5:colcon.colcon_core.verb:set package 'motor_control' build argument 'cmake_args' from command line to 'None'
[1.266s] Level 5:colcon.colcon_core.verb:set package 'motor_control' build argument 'cmake_target' from command line to 'None'
[1.266s] Level 5:colcon.colcon_core.verb:set package 'motor_control' build argument 'cmake_target_skip_unavailable' from command line to 'False'
[1.266s] Level 5:colcon.colcon_core.verb:set package 'motor_control' build argument 'cmake_clean_cache' from command line to 'False'
[1.266s] Level 5:colcon.colcon_core.verb:set package 'motor_control' build argument 'cmake_clean_first' from command line to 'False'
[1.267s] Level 5:colcon.colcon_core.verb:set package 'motor_control' build argument 'cmake_force_configure' from command line to 'False'
[1.267s] Level 5:colcon.colcon_core.verb:set package 'motor_control' build argument 'ament_cmake_args' from command line to 'None'
[1.267s] Level 5:colcon.colcon_core.verb:set package 'motor_control' build argument 'catkin_cmake_args' from command line to 'None'
[1.267s] Level 5:colcon.colcon_core.verb:set package 'motor_control' build argument 'catkin_skip_building_tests' from command line to 'False'
[1.267s] DEBUG:colcon.colcon_core.verb:Building package 'motor_control' with the following arguments: {'ament_cmake_args': None, 'build_base': '/home/pi/Desktop/Sidewalk_Robot_XJTLUxNUS/build/motor_control', 'catkin_cmake_args': None, 'catkin_skip_building_tests': False, 'cmake_args': None, 'cmake_clean_cache': False, 'cmake_clean_first': False, 'cmake_force_configure': False, 'cmake_target': None, 'cmake_target_skip_unavailable': False, 'install_base': '/home/pi/Desktop/Sidewalk_Robot_XJTLUxNUS/install/motor_control', 'merge_install': False, 'path': '/home/pi/Desktop/Sidewalk_Robot_XJTLUxNUS/src/motor_control', 'symlink_install': False, 'test_result_base': None}
[1.271s] Level 5:colcon.colcon_core.verb:set package 'share' build argument 'cmake_args' from command line to 'None'
[1.271s] Level 5:colcon.colcon_core.verb:set package 'share' build argument 'cmake_target' from command line to 'None'
[1.271s] Level 5:colcon.colcon_core.verb:set package 'share' build argument 'cmake_target_skip_unavailable' from command line to 'False'
[1.271s] Level 5:colcon.colcon_core.verb:set package 'share' build argument 'cmake_clean_cache' from command line to 'False'
[1.272s] Level 5:colcon.colcon_core.verb:set package 'share' build argument 'cmake_clean_first' from command line to 'False'
[1.272s] Level 5:colcon.colcon_core.verb:set package 'share' build argument 'cmake_force_configure' from command line to 'False'
[1.272s] Level 5:colcon.colcon_core.verb:set package 'share' build argument 'ament_cmake_args' from command line to 'None'
[1.272s] Level 5:colcon.colcon_core.verb:set package 'share' build argument 'catkin_cmake_args' from command line to 'None'
[1.272s] Level 5:colcon.colcon_core.verb:set package 'share' build argument 'catkin_skip_building_tests' from command line to 'False'
[1.272s] DEBUG:colcon.colcon_core.verb:Building package 'share' with the following arguments: {'ament_cmake_args': None, 'build_base': '/home/pi/Desktop/Sidewalk_Robot_XJTLUxNUS/build/share', 'catkin_cmake_args': None, 'catkin_skip_building_tests': False, 'cmake_args': None, 'cmake_clean_cache': False, 'cmake_clean_first': False, 'cmake_force_configure': False, 'cmake_target': None, 'cmake_target_skip_unavailable': False, 'install_base': '/home/pi/Desktop/Sidewalk_Robot_XJTLUxNUS/install/share', 'merge_install': False, 'path': '/home/pi/Desktop/Sidewalk_Robot_XJTLUxNUS/src/share', 'symlink_install': False, 'test_result_base': None}
[1.274s] INFO:colcon.colcon_core.executor:Executing jobs using 'sequential' executor
[1.281s] DEBUG:colcon.colcon_core.executor.sequential:run_until_complete 'can_bus'
[1.281s] INFO:colcon.colcon_ros.task.ament_python.build:Building ROS package in '/home/pi/Desktop/Sidewalk_Robot_XJTLUxNUS/src/can_bus' with build type 'ament_python'
[1.282s] Level 1:colcon.colcon_core.shell:create_environment_hook('can_bus', 'ament_prefix_path')
[1.303s] INFO:colcon.colcon_core.plugin_system:Skipping extension 'colcon_core.shell.bat': Not used on non-Windows systems
[1.304s] INFO:colcon.colcon_core.shell:Creating environment descriptor '/home/pi/Desktop/Sidewalk_Robot_XJTLUxNUS/install/can_bus/share/can_bus/hook/ament_prefix_path.dsv'
[1.309s] INFO:colcon.colcon_core.shell:Creating environment hook '/home/pi/Desktop/Sidewalk_Robot_XJTLUxNUS/install/can_bus/share/can_bus/hook/ament_prefix_path.sh'
[1.315s] DEBUG:colcon.colcon_core.shell:Skip shell extension 'dsv' for command environment
[2.512s] INFO:colcon.colcon_core.task.python.build:Building Python package in '/home/pi/Desktop/Sidewalk_Robot_XJTLUxNUS/src/can_bus'
[2.515s] DEBUG:colcon.colcon_core.shell:Skip shell extension 'dsv' for command environment
[4.098s] DEBUG:colcon.colcon_core.event_handler.log_command:Invoking command in '/home/pi/Desktop/Sidewalk_Robot_XJTLUxNUS/src/can_bus': PYTHONPATH=/home/pi/Desktop/Sidewalk_Robot_XJTLUxNUS/install/can_bus/lib/python3.10/site-packages:${PYTHONPATH} /usr/bin/python3 setup.py egg_info --egg-base ../../build/can_bus build --build-base /home/pi/Desktop/Sidewalk_Robot_XJTLUxNUS/build/can_bus/build install --prefix /home/pi/Desktop/Sidewalk_Robot_XJTLUxNUS/install/can_bus --record /home/pi/Desktop/Sidewalk_Robot_XJTLUxNUS/build/can_bus/install.log --single-version-externally-managed
[5.468s] DEBUG:colcon.colcon_core.event_handler.log_command:Invoked command in '/home/pi/Desktop/Sidewalk_Robot_XJTLUxNUS/src/can_bus' returned '0': PYTHONPATH=/home/pi/Desktop/Sidewalk_Robot_XJTLUxNUS/install/can_bus/lib/python3.10/site-packages:${PYTHONPATH} /usr/bin/python3 setup.py egg_info --egg-base ../../build/can_bus build --build-base /home/pi/Desktop/Sidewalk_Robot_XJTLUxNUS/build/can_bus/build install --prefix /home/pi/Desktop/Sidewalk_Robot_XJTLUxNUS/install/can_bus --record /home/pi/Desktop/Sidewalk_Robot_XJTLUxNUS/build/can_bus/install.log --single-version-externally-managed
[5.488s] Level 1:colcon.colcon_core.environment:checking '/home/pi/Desktop/Sidewalk_Robot_XJTLUxNUS/install/can_bus' for CMake module files
[5.490s] Level 1:colcon.colcon_core.environment:checking '/home/pi/Desktop/Sidewalk_Robot_XJTLUxNUS/install/can_bus' for CMake config files
[5.494s] Level 1:colcon.colcon_core.environment:checking '/home/pi/Desktop/Sidewalk_Robot_XJTLUxNUS/install/can_bus/lib'
[5.495s] Level 1:colcon.colcon_core.environment:checking '/home/pi/Desktop/Sidewalk_Robot_XJTLUxNUS/install/can_bus/bin'
[5.495s] Level 1:colcon.colcon_core.environment:checking '/home/pi/Desktop/Sidewalk_Robot_XJTLUxNUS/install/can_bus/lib/pkgconfig/can_bus.pc'
[5.496s] Level 1:colcon.colcon_core.environment:checking '/home/pi/Desktop/Sidewalk_Robot_XJTLUxNUS/install/can_bus/lib/python3.10/site-packages'
[5.496s] Level 1:colcon.colcon_core.shell:create_environment_hook('can_bus', 'pythonpath')
[5.500s] INFO:colcon.colcon_core.shell:Creating environment descriptor '/home/pi/Desktop/Sidewalk_Robot_XJTLUxNUS/install/can_bus/share/can_bus/hook/pythonpath.dsv'
[5.501s] INFO:colcon.colcon_core.shell:Creating environment hook '/home/pi/Desktop/Sidewalk_Robot_XJTLUxNUS/install/can_bus/share/can_bus/hook/pythonpath.sh'
[5.504s] Level 1:colcon.colcon_core.environment:checking '/home/pi/Desktop/Sidewalk_Robot_XJTLUxNUS/install/can_bus/bin'
[5.504s] Level 1:colcon.colcon_core.environment:create_environment_scripts_only(can_bus)
[5.508s] INFO:colcon.colcon_core.shell:Creating package descriptor '/home/pi/Desktop/Sidewalk_Robot_XJTLUxNUS/install/can_bus/share/can_bus/package.dsv'
[5.511s] INFO:colcon.colcon_core.shell:Creating package script '/home/pi/Desktop/Sidewalk_Robot_XJTLUxNUS/install/can_bus/share/can_bus/package.sh'
[5.514s] Level 1:colcon.colcon_core.environment:create_file_with_runtime_dependencies(/home/pi/Desktop/Sidewalk_Robot_XJTLUxNUS/install/can_bus/share/colcon-core/packages/can_bus)
[5.515s] DEBUG:colcon.colcon_core.executor.sequential:run_until_complete 'can_bus' finished with '0'
[5.515s] DEBUG:colcon.colcon_core.executor.sequential:run_until_complete 'motor_control'
[5.516s] INFO:colcon.colcon_ros.task.ament_python.build:Building ROS package in '/home/pi/Desktop/Sidewalk_Robot_XJTLUxNUS/src/motor_control' with build type 'ament_python'
[5.516s] Level 1:colcon.colcon_core.shell:create_environment_hook('motor_control', 'ament_prefix_path')
[5.520s] INFO:colcon.colcon_core.shell:Creating environment descriptor '/home/pi/Desktop/Sidewalk_Robot_XJTLUxNUS/install/motor_control/share/motor_control/hook/ament_prefix_path.dsv'
[5.522s] INFO:colcon.colcon_core.shell:Creating environment hook '/home/pi/Desktop/Sidewalk_Robot_XJTLUxNUS/install/motor_control/share/motor_control/hook/ament_prefix_path.sh'
[5.527s] DEBUG:colcon.colcon_core.shell:Skip shell extension 'dsv' for command environment
[6.710s] INFO:colcon.colcon_core.task.python.build:Building Python package in '/home/pi/Desktop/Sidewalk_Robot_XJTLUxNUS/src/motor_control'
[6.713s] DEBUG:colcon.colcon_core.shell:Skip shell extension 'dsv' for command environment
[8.290s] DEBUG:colcon.colcon_core.event_handler.log_command:Invoking command in '/home/pi/Desktop/Sidewalk_Robot_XJTLUxNUS/src/motor_control': PYTHONPATH=/home/pi/Desktop/Sidewalk_Robot_XJTLUxNUS/install/motor_control/lib/python3.10/site-packages:${PYTHONPATH} /usr/bin/python3 setup.py egg_info --egg-base ../../build/motor_control build --build-base /home/pi/Desktop/Sidewalk_Robot_XJTLUxNUS/build/motor_control/build install --prefix /home/pi/Desktop/Sidewalk_Robot_XJTLUxNUS/install/motor_control --record /home/pi/Desktop/Sidewalk_Robot_XJTLUxNUS/build/motor_control/install.log --single-version-externally-managed
[9.682s] DEBUG:colcon.colcon_core.event_handler.log_command:Invoked command in '/home/pi/Desktop/Sidewalk_Robot_XJTLUxNUS/src/motor_control' returned '0': PYTHONPATH=/home/pi/Desktop/Sidewalk_Robot_XJTLUxNUS/install/motor_control/lib/python3.10/site-packages:${PYTHONPATH} /usr/bin/python3 setup.py egg_info --egg-base ../../build/motor_control build --build-base /home/pi/Desktop/Sidewalk_Robot_XJTLUxNUS/build/motor_control/build install --prefix /home/pi/Desktop/Sidewalk_Robot_XJTLUxNUS/install/motor_control --record /home/pi/Desktop/Sidewalk_Robot_XJTLUxNUS/build/motor_control/install.log --single-version-externally-managed
[9.685s] Level 1:colcon.colcon_core.environment:checking '/home/pi/Desktop/Sidewalk_Robot_XJTLUxNUS/install/motor_control' for CMake module files
[9.688s] Level 1:colcon.colcon_core.environment:checking '/home/pi/Desktop/Sidewalk_Robot_XJTLUxNUS/install/motor_control' for CMake config files
[9.693s] Level 1:colcon.colcon_core.environment:checking '/home/pi/Desktop/Sidewalk_Robot_XJTLUxNUS/install/motor_control/lib'
[9.693s] Level 1:colcon.colcon_core.environment:checking '/home/pi/Desktop/Sidewalk_Robot_XJTLUxNUS/install/motor_control/bin'
[9.694s] Level 1:colcon.colcon_core.environment:checking '/home/pi/Desktop/Sidewalk_Robot_XJTLUxNUS/install/motor_control/lib/pkgconfig/motor_control.pc'
[9.695s] Level 1:colcon.colcon_core.environment:checking '/home/pi/Desktop/Sidewalk_Robot_XJTLUxNUS/install/motor_control/lib/python3.10/site-packages'
[9.695s] Level 1:colcon.colcon_core.shell:create_environment_hook('motor_control', 'pythonpath')
[9.699s] INFO:colcon.colcon_core.shell:Creating environment descriptor '/home/pi/Desktop/Sidewalk_Robot_XJTLUxNUS/install/motor_control/share/motor_control/hook/pythonpath.dsv'
[9.701s] INFO:colcon.colcon_core.shell:Creating environment hook '/home/pi/Desktop/Sidewalk_Robot_XJTLUxNUS/install/motor_control/share/motor_control/hook/pythonpath.sh'
[9.704s] Level 1:colcon.colcon_core.environment:checking '/home/pi/Desktop/Sidewalk_Robot_XJTLUxNUS/install/motor_control/bin'
[9.704s] Level 1:colcon.colcon_core.environment:create_environment_scripts_only(motor_control)
[9.708s] INFO:colcon.colcon_core.shell:Creating package descriptor '/home/pi/Desktop/Sidewalk_Robot_XJTLUxNUS/install/motor_control/share/motor_control/package.dsv'
[9.710s] INFO:colcon.colcon_core.shell:Creating package script '/home/pi/Desktop/Sidewalk_Robot_XJTLUxNUS/install/motor_control/share/motor_control/package.sh'
[9.712s] Level 1:colcon.colcon_core.environment:create_file_with_runtime_dependencies(/home/pi/Desktop/Sidewalk_Robot_XJTLUxNUS/install/motor_control/share/colcon-core/packages/motor_control)
[9.713s] DEBUG:colcon.colcon_core.executor.sequential:run_until_complete 'motor_control' finished with '0'
[9.713s] DEBUG:colcon.colcon_core.executor.sequential:run_until_complete 'share'
[9.714s] INFO:colcon.colcon_ros.task.ament_cmake.build:Building ROS package in '/home/pi/Desktop/Sidewalk_Robot_XJTLUxNUS/src/share' with build type 'ament_cmake'
[9.714s] INFO:colcon.colcon_cmake.task.cmake.build:Building CMake package in '/home/pi/Desktop/Sidewalk_Robot_XJTLUxNUS/src/share'
[9.717s] DEBUG:colcon.colcon_core.shell:Skip shell extension 'dsv' for command environment
[9.773s] DEBUG:colcon.colcon_core.event_handler.log_command:Invoking command in '/home/pi/Desktop/Sidewalk_Robot_XJTLUxNUS/build/share': CMAKE_PREFIX_PATH=${CMAKE_PREFIX_PATH}:/home/pi/Desktop/Sidewalk_Robot_XJTLUxNUS/install/motor_control:/home/pi/Desktop/Sidewalk_Robot_XJTLUxNUS/install/can_bus:/opt/ros/humble /usr/bin/cmake --build /home/pi/Desktop/Sidewalk_Robot_XJTLUxNUS/build/share -- -j4 -l4
[11.727s] DEBUG:colcon.colcon_core.event_handler.log_command:Invoked command in '/home/pi/Desktop/Sidewalk_Robot_XJTLUxNUS/build/share' returned '0': CMAKE_PREFIX_PATH=${CMAKE_PREFIX_PATH}:/home/pi/Desktop/Sidewalk_Robot_XJTLUxNUS/install/motor_control:/home/pi/Desktop/Sidewalk_Robot_XJTLUxNUS/install/can_bus:/opt/ros/humble /usr/bin/cmake --build /home/pi/Desktop/Sidewalk_Robot_XJTLUxNUS/build/share -- -j4 -l4
[12.196s] DEBUG:colcon.colcon_core.event_handler.log_command:Invoking command in '/home/pi/Desktop/Sidewalk_Robot_XJTLUxNUS/build/share': CMAKE_PREFIX_PATH=${CMAKE_PREFIX_PATH}:/home/pi/Desktop/Sidewalk_Robot_XJTLUxNUS/install/motor_control:/home/pi/Desktop/Sidewalk_Robot_XJTLUxNUS/install/can_bus:/opt/ros/humble /usr/bin/cmake --install /home/pi/Desktop/Sidewalk_Robot_XJTLUxNUS/build/share
[12.521s] Level 1:colcon.colcon_core.environment:create_environment_scripts_only(share)
[12.531s] Level 1:colcon.colcon_core.environment:checking '/home/pi/Desktop/Sidewalk_Robot_XJTLUxNUS/install/share' for CMake module files
[12.532s] DEBUG:colcon.colcon_core.event_handler.log_command:Invoked command in '/home/pi/Desktop/Sidewalk_Robot_XJTLUxNUS/build/share' returned '0': CMAKE_PREFIX_PATH=${CMAKE_PREFIX_PATH}:/home/pi/Desktop/Sidewalk_Robot_XJTLUxNUS/install/motor_control:/home/pi/Desktop/Sidewalk_Robot_XJTLUxNUS/install/can_bus:/opt/ros/humble /usr/bin/cmake --install /home/pi/Desktop/Sidewalk_Robot_XJTLUxNUS/build/share
[12.537s] Level 1:colcon.colcon_core.environment:checking '/home/pi/Desktop/Sidewalk_Robot_XJTLUxNUS/install/share' for CMake config files
[12.540s] Level 1:colcon.colcon_core.shell:create_environment_hook('share', 'cmake_prefix_path')
[12.546s] INFO:colcon.colcon_core.shell:Creating environment descriptor '/home/pi/Desktop/Sidewalk_Robot_XJTLUxNUS/install/share/share/share/hook/cmake_prefix_path.dsv'
[12.550s] INFO:colcon.colcon_core.shell:Creating environment hook '/home/pi/Desktop/Sidewalk_Robot_XJTLUxNUS/install/share/share/share/hook/cmake_prefix_path.sh'
[12.553s] Level 1:colcon.colcon_core.environment:checking '/home/pi/Desktop/Sidewalk_Robot_XJTLUxNUS/install/share/lib'
[12.554s] Level 1:colcon.colcon_core.shell:create_environment_hook('share', 'ld_library_path_lib')
[12.558s] INFO:colcon.colcon_core.shell:Creating environment descriptor '/home/pi/Desktop/Sidewalk_Robot_XJTLUxNUS/install/share/share/share/hook/ld_library_path_lib.dsv'
[12.562s] INFO:colcon.colcon_core.shell:Creating environment hook '/home/pi/Desktop/Sidewalk_Robot_XJTLUxNUS/install/share/share/share/hook/ld_library_path_lib.sh'
[12.564s] Level 1:colcon.colcon_core.environment:checking '/home/pi/Desktop/Sidewalk_Robot_XJTLUxNUS/install/share/bin'
[12.564s] Level 1:colcon.colcon_core.environment:checking '/home/pi/Desktop/Sidewalk_Robot_XJTLUxNUS/install/share/lib/pkgconfig/share.pc'
[12.565s] Level 1:colcon.colcon_core.environment:checking '/home/pi/Desktop/Sidewalk_Robot_XJTLUxNUS/install/share/lib/python3.10/site-packages'
[12.566s] Level 1:colcon.colcon_core.environment:checking '/home/pi/Desktop/Sidewalk_Robot_XJTLUxNUS/install/share/bin'
[12.569s] INFO:colcon.colcon_core.shell:Creating package descriptor '/home/pi/Desktop/Sidewalk_Robot_XJTLUxNUS/install/share/share/share/package.dsv'
[12.571s] INFO:colcon.colcon_core.shell:Creating package script '/home/pi/Desktop/Sidewalk_Robot_XJTLUxNUS/install/share/share/share/package.sh'
[12.573s] Level 1:colcon.colcon_core.environment:create_file_with_runtime_dependencies(/home/pi/Desktop/Sidewalk_Robot_XJTLUxNUS/install/share/share/colcon-core/packages/share)
[12.998s] Level 1:colcon.colcon_core.environment:create_environment_scripts_only(share)
[13.009s] Level 1:colcon.colcon_core.environment:checking '/home/pi/Desktop/Sidewalk_Robot_XJTLUxNUS/install/share' for CMake module files
[13.014s] Level 1:colcon.colcon_core.environment:checking '/home/pi/Desktop/Sidewalk_Robot_XJTLUxNUS/install/share' for CMake config files
[13.017s] Level 1:colcon.colcon_core.shell:create_environment_hook('share', 'cmake_prefix_path')
[13.020s] INFO:colcon.colcon_core.shell:Creating environment descriptor '/home/pi/Desktop/Sidewalk_Robot_XJTLUxNUS/install/share/share/share/hook/cmake_prefix_path.dsv'
[13.022s] INFO:colcon.colcon_core.shell:Creating environment hook '/home/pi/Desktop/Sidewalk_Robot_XJTLUxNUS/install/share/share/share/hook/cmake_prefix_path.sh'
[13.025s] Level 1:colcon.colcon_core.environment:checking '/home/pi/Desktop/Sidewalk_Robot_XJTLUxNUS/install/share/lib'
[13.025s] Level 1:colcon.colcon_core.shell:create_environment_hook('share', 'ld_library_path_lib')
[13.029s] INFO:colcon.colcon_core.shell:Creating environment descriptor '/home/pi/Desktop/Sidewalk_Robot_XJTLUxNUS/install/share/share/share/hook/ld_library_path_lib.dsv'
[13.031s] INFO:colcon.colcon_core.shell:Creating environment hook '/home/pi/Desktop/Sidewalk_Robot_XJTLUxNUS/install/share/share/share/hook/ld_library_path_lib.sh'
[13.033s] Level 1:colcon.colcon_core.environment:checking '/home/pi/Desktop/Sidewalk_Robot_XJTLUxNUS/install/share/bin'
[13.033s] Level 1:colcon.colcon_core.environment:checking '/home/pi/Desktop/Sidewalk_Robot_XJTLUxNUS/install/share/lib/pkgconfig/share.pc'
[13.034s] Level 1:colcon.colcon_core.environment:checking '/home/pi/Desktop/Sidewalk_Robot_XJTLUxNUS/install/share/lib/python3.10/site-packages'
[13.035s] Level 1:colcon.colcon_core.environment:checking '/home/pi/Desktop/Sidewalk_Robot_XJTLUxNUS/install/share/bin'
[13.038s] INFO:colcon.colcon_core.shell:Creating package descriptor '/home/pi/Desktop/Sidewalk_Robot_XJTLUxNUS/install/share/share/share/package.dsv'
[13.041s] INFO:colcon.colcon_core.shell:Creating package script '/home/pi/Desktop/Sidewalk_Robot_XJTLUxNUS/install/share/share/share/package.sh'
[13.043s] Level 1:colcon.colcon_core.environment:create_file_with_runtime_dependencies(/home/pi/Desktop/Sidewalk_Robot_XJTLUxNUS/install/share/share/colcon-core/packages/share)
[13.044s] DEBUG:colcon.colcon_core.executor.sequential:run_until_complete 'share' finished with '0'
[13.045s] DEBUG:colcon.colcon_core.executor.sequential:closing loop
[13.046s] DEBUG:colcon.colcon_core.executor.sequential:loop closed
[13.046s] DEBUG:colcon.colcon_core.event_reactor:joining thread
[13.047s] DEBUG:colcon.colcon_core.event_reactor:joined thread
[13.050s] INFO:colcon.colcon_core.shell:Creating prefix script '/home/pi/Desktop/Sidewalk_Robot_XJTLUxNUS/install/local_setup.sh'
[13.053s] INFO:colcon.colcon_core.shell:Creating prefix util module '/home/pi/Desktop/Sidewalk_Robot_XJTLUxNUS/install/_local_setup_util_sh.py'
[13.059s] INFO:colcon.colcon_core.shell:Creating prefix chain script '/home/pi/Desktop/Sidewalk_Robot_XJTLUxNUS/install/setup.sh'
