[0.151s] DEBUG:colcon:Command line arguments: ['/usr/bin/colcon', 'build']
[0.151s] DEBUG:colcon:Parsed command line arguments: Namespace(log_base=None, log_level=None, verb_name='build', build_base='build', install_base='install', merge_install=False, symlink_install=False, test_result_base=None, continue_on_error=False, executor='sequential', event_handlers=None, base_paths=['.'], paths=None, cmake_args=None, cmake_target=None, cmake_target_skip_unavailable=False, cmake_clean_cache=False, cmake_clean_first=False, cmake_force_configure=False, ament_cmake_args=None, catkin_cmake_args=None, catkin_skip_building_tests=False, verb_parser=CustomArgumentParser(prog='colcon build', usage=None, description='Build a set of packages.', formatter_class=<class 'colcon_core.command.CustomFormatter'>, conflict_handler='error', add_help=True), verb_extension=<colcon_core.verb.build.BuildVerb object at 0x7fb0fece3a60>, main=<bound method BuildVerb.main of <colcon_core.verb.build.BuildVerb object at 0x7fb0fece3a60>>)
[0.170s] Level 1:colcon.colcon_core.package_discovery:discover_packages(recursive) check parameters
[0.170s] Level 1:colcon.colcon_core.package_discovery:discover_packages(path) check parameters
[0.170s] Level 1:colcon.colcon_core.package_discovery:discover_packages(recursive) discover
[0.170s] INFO:colcon.colcon_core.package_discovery:Crawling recursively for packages in '/home/parallels/Desktop/Sidewalk_Robot_XJTLUxNUS'
[0.170s] Level 1:colcon.colcon_core.package_identification:_identify(.) by extensions ['ignore', 'ignore_ament_install']
[0.171s] Level 1:colcon.colcon_core.package_identification:_identify(.) by extension 'ignore'
[0.171s] Level 1:colcon.colcon_core.package_identification:_identify(.) by extension 'ignore_ament_install'
[0.171s] Level 1:colcon.colcon_core.package_identification:_identify(.) by extensions ['ros']
[0.171s] Level 1:colcon.colcon_core.package_identification:_identify(.) by extension 'ros'
[0.180s] Level 1:colcon.colcon_core.package_identification:_identify(.) by extensions ['cmake', 'python']
[0.180s] Level 1:colcon.colcon_core.package_identification:_identify(.) by extension 'cmake'
[0.180s] Level 1:colcon.colcon_core.package_identification:_identify(.) by extension 'python'
[0.180s] Level 1:colcon.colcon_core.package_identification:_identify(.) by extensions ['python_setup_py']
[0.180s] Level 1:colcon.colcon_core.package_identification:_identify(.) by extension 'python_setup_py'
[0.180s] Level 1:colcon.colcon_core.package_identification:_identify(build) by extensions ['ignore', 'ignore_ament_install']
[0.180s] Level 1:colcon.colcon_core.package_identification:_identify(build) by extension 'ignore'
[0.180s] Level 1:colcon.colcon_core.package_identification:_identify(build) ignored
[0.180s] Level 1:colcon.colcon_core.package_identification:_identify(install) by extensions ['ignore', 'ignore_ament_install']
[0.180s] Level 1:colcon.colcon_core.package_identification:_identify(install) by extension 'ignore'
[0.180s] Level 1:colcon.colcon_core.package_identification:_identify(install) ignored
[0.180s] Level 1:colcon.colcon_core.package_identification:_identify(log) by extensions ['ignore', 'ignore_ament_install']
[0.180s] Level 1:colcon.colcon_core.package_identification:_identify(log) by extension 'ignore'
[0.180s] Level 1:colcon.colcon_core.package_identification:_identify(log) ignored
[0.181s] Level 1:colcon.colcon_core.package_identification:_identify(src) by extensions ['ignore', 'ignore_ament_install']
[0.181s] Level 1:colcon.colcon_core.package_identification:_identify(src) by extension 'ignore'
[0.181s] Level 1:colcon.colcon_core.package_identification:_identify(src) by extension 'ignore_ament_install'
[0.181s] Level 1:colcon.colcon_core.package_identification:_identify(src) by extensions ['ros']
[0.181s] Level 1:colcon.colcon_core.package_identification:_identify(src) by extension 'ros'
[0.181s] Level 1:colcon.colcon_core.package_identification:_identify(src) by extensions ['cmake', 'python']
[0.181s] Level 1:colcon.colcon_core.package_identification:_identify(src) by extension 'cmake'
[0.181s] Level 1:colcon.colcon_core.package_identification:_identify(src) by extension 'python'
[0.181s] Level 1:colcon.colcon_core.package_identification:_identify(src) by extensions ['python_setup_py']
[0.181s] Level 1:colcon.colcon_core.package_identification:_identify(src) by extension 'python_setup_py'
[0.181s] Level 1:colcon.colcon_core.package_identification:_identify(src/xbox_controller) by extensions ['ignore', 'ignore_ament_install']
[0.181s] Level 1:colcon.colcon_core.package_identification:_identify(src/xbox_controller) by extension 'ignore'
[0.181s] Level 1:colcon.colcon_core.package_identification:_identify(src/xbox_controller) by extension 'ignore_ament_install'
[0.181s] Level 1:colcon.colcon_core.package_identification:_identify(src/xbox_controller) by extensions ['ros']
[0.181s] Level 1:colcon.colcon_core.package_identification:_identify(src/xbox_controller) by extension 'ros'
[0.183s] DEBUG:colcon.colcon_core.package_identification:Package 'src/xbox_controller' with type 'ros.ament_python' and name 'xbox_controller'
[0.183s] Level 1:colcon.colcon_core.package_discovery:discover_packages(recursive) using defaults
[0.183s] Level 1:colcon.colcon_core.package_discovery:discover_packages(path) discover
[0.183s] Level 1:colcon.colcon_core.package_discovery:discover_packages(path) using defaults
[0.204s] Level 5:colcon.colcon_core.verb:set package 'xbox_controller' build argument 'cmake_args' from command line to 'None'
[0.204s] Level 5:colcon.colcon_core.verb:set package 'xbox_controller' build argument 'cmake_target' from command line to 'None'
[0.204s] Level 5:colcon.colcon_core.verb:set package 'xbox_controller' build argument 'cmake_target_skip_unavailable' from command line to 'False'
[0.204s] Level 5:colcon.colcon_core.verb:set package 'xbox_controller' build argument 'cmake_clean_cache' from command line to 'False'
[0.204s] Level 5:colcon.colcon_core.verb:set package 'xbox_controller' build argument 'cmake_clean_first' from command line to 'False'
[0.204s] Level 5:colcon.colcon_core.verb:set package 'xbox_controller' build argument 'cmake_force_configure' from command line to 'False'
[0.204s] Level 5:colcon.colcon_core.verb:set package 'xbox_controller' build argument 'ament_cmake_args' from command line to 'None'
[0.204s] Level 5:colcon.colcon_core.verb:set package 'xbox_controller' build argument 'catkin_cmake_args' from command line to 'None'
[0.204s] Level 5:colcon.colcon_core.verb:set package 'xbox_controller' build argument 'catkin_skip_building_tests' from command line to 'False'
[0.204s] DEBUG:colcon.colcon_core.verb:Building package 'xbox_controller' with the following arguments: {'ament_cmake_args': None, 'build_base': '/home/parallels/Desktop/Sidewalk_Robot_XJTLUxNUS/build/xbox_controller', 'catkin_cmake_args': None, 'catkin_skip_building_tests': False, 'cmake_args': None, 'cmake_clean_cache': False, 'cmake_clean_first': False, 'cmake_force_configure': False, 'cmake_target': None, 'cmake_target_skip_unavailable': False, 'install_base': '/home/parallels/Desktop/Sidewalk_Robot_XJTLUxNUS/install/xbox_controller', 'merge_install': False, 'path': '/home/parallels/Desktop/Sidewalk_Robot_XJTLUxNUS/src/xbox_controller', 'symlink_install': False, 'test_result_base': None}
[0.204s] INFO:colcon.colcon_core.executor:Executing jobs using 'sequential' executor
[0.206s] DEBUG:colcon.colcon_core.executor.sequential:run_until_complete 'xbox_controller'
[0.206s] INFO:colcon.colcon_ros.task.ament_python.build:Building ROS package in '/home/parallels/Desktop/Sidewalk_Robot_XJTLUxNUS/src/xbox_controller' with build type 'ament_python'
[0.206s] Level 1:colcon.colcon_core.shell:create_environment_hook('xbox_controller', 'ament_prefix_path')
[0.209s] INFO:colcon.colcon_core.plugin_system:Skipping extension 'colcon_core.shell.bat': Not used on non-Windows systems
[0.209s] INFO:colcon.colcon_core.shell:Creating environment descriptor '/home/parallels/Desktop/Sidewalk_Robot_XJTLUxNUS/install/xbox_controller/share/xbox_controller/hook/ament_prefix_path.dsv'
[0.210s] INFO:colcon.colcon_core.shell:Creating environment hook '/home/parallels/Desktop/Sidewalk_Robot_XJTLUxNUS/install/xbox_controller/share/xbox_controller/hook/ament_prefix_path.sh'
[0.211s] DEBUG:colcon.colcon_core.shell:Skip shell extension 'dsv' for command environment
[0.392s] INFO:colcon.colcon_core.task.python.build:Building Python package in '/home/parallels/Desktop/Sidewalk_Robot_XJTLUxNUS/src/xbox_controller'
[0.392s] DEBUG:colcon.colcon_core.shell:Skip shell extension 'dsv' for command environment
[0.615s] DEBUG:colcon.colcon_core.event_handler.log_command:Invoking command in '/home/parallels/Desktop/Sidewalk_Robot_XJTLUxNUS/src/xbox_controller': PYTHONPATH=/home/parallels/Desktop/Sidewalk_Robot_XJTLUxNUS/install/xbox_controller/lib/python3.10/site-packages:${PYTHONPATH} /usr/bin/python3 setup.py egg_info --egg-base ../../build/xbox_controller build --build-base /home/parallels/Desktop/Sidewalk_Robot_XJTLUxNUS/build/xbox_controller/build install --prefix /home/parallels/Desktop/Sidewalk_Robot_XJTLUxNUS/install/xbox_controller --record /home/parallels/Desktop/Sidewalk_Robot_XJTLUxNUS/build/xbox_controller/install.log --single-version-externally-managed
[0.820s] DEBUG:colcon.colcon_core.event_handler.log_command:Invoked command in '/home/parallels/Desktop/Sidewalk_Robot_XJTLUxNUS/src/xbox_controller' returned '0': PYTHONPATH=/home/parallels/Desktop/Sidewalk_Robot_XJTLUxNUS/install/xbox_controller/lib/python3.10/site-packages:${PYTHONPATH} /usr/bin/python3 setup.py egg_info --egg-base ../../build/xbox_controller build --build-base /home/parallels/Desktop/Sidewalk_Robot_XJTLUxNUS/build/xbox_controller/build install --prefix /home/parallels/Desktop/Sidewalk_Robot_XJTLUxNUS/install/xbox_controller --record /home/parallels/Desktop/Sidewalk_Robot_XJTLUxNUS/build/xbox_controller/install.log --single-version-externally-managed
[0.823s] Level 1:colcon.colcon_core.environment:checking '/home/parallels/Desktop/Sidewalk_Robot_XJTLUxNUS/install/xbox_controller' for CMake module files
[0.823s] Level 1:colcon.colcon_core.environment:checking '/home/parallels/Desktop/Sidewalk_Robot_XJTLUxNUS/install/xbox_controller' for CMake config files
[0.824s] Level 1:colcon.colcon_core.environment:checking '/home/parallels/Desktop/Sidewalk_Robot_XJTLUxNUS/install/xbox_controller/lib'
[0.824s] Level 1:colcon.colcon_core.environment:checking '/home/parallels/Desktop/Sidewalk_Robot_XJTLUxNUS/install/xbox_controller/bin'
[0.824s] Level 1:colcon.colcon_core.environment:checking '/home/parallels/Desktop/Sidewalk_Robot_XJTLUxNUS/install/xbox_controller/lib/pkgconfig/xbox_controller.pc'
[0.824s] Level 1:colcon.colcon_core.environment:checking '/home/parallels/Desktop/Sidewalk_Robot_XJTLUxNUS/install/xbox_controller/lib/python3.10/site-packages'
[0.824s] Level 1:colcon.colcon_core.shell:create_environment_hook('xbox_controller', 'pythonpath')
[0.825s] INFO:colcon.colcon_core.shell:Creating environment descriptor '/home/parallels/Desktop/Sidewalk_Robot_XJTLUxNUS/install/xbox_controller/share/xbox_controller/hook/pythonpath.dsv'
[0.825s] INFO:colcon.colcon_core.shell:Creating environment hook '/home/parallels/Desktop/Sidewalk_Robot_XJTLUxNUS/install/xbox_controller/share/xbox_controller/hook/pythonpath.sh'
[0.826s] Level 1:colcon.colcon_core.environment:checking '/home/parallels/Desktop/Sidewalk_Robot_XJTLUxNUS/install/xbox_controller/bin'
[0.826s] Level 1:colcon.colcon_core.environment:create_environment_scripts_only(xbox_controller)
[0.827s] INFO:colcon.colcon_core.shell:Creating package descriptor '/home/parallels/Desktop/Sidewalk_Robot_XJTLUxNUS/install/xbox_controller/share/xbox_controller/package.dsv'
[0.827s] INFO:colcon.colcon_core.shell:Creating package script '/home/parallels/Desktop/Sidewalk_Robot_XJTLUxNUS/install/xbox_controller/share/xbox_controller/package.sh'
[0.828s] Level 1:colcon.colcon_core.environment:create_file_with_runtime_dependencies(/home/parallels/Desktop/Sidewalk_Robot_XJTLUxNUS/install/xbox_controller/share/colcon-core/packages/xbox_controller)
[0.828s] DEBUG:colcon.colcon_core.executor.sequential:run_until_complete 'xbox_controller' finished with '0'
[0.828s] DEBUG:colcon.colcon_core.executor.sequential:closing loop
[0.828s] DEBUG:colcon.colcon_core.executor.sequential:loop closed
[0.828s] DEBUG:colcon.colcon_core.event_reactor:joining thread
[0.829s] DEBUG:colcon.colcon_core.event_reactor:joined thread
[0.829s] INFO:colcon.colcon_core.shell:Creating prefix script '/home/parallels/Desktop/Sidewalk_Robot_XJTLUxNUS/install/local_setup.sh'
[0.830s] INFO:colcon.colcon_core.shell:Creating prefix util module '/home/parallels/Desktop/Sidewalk_Robot_XJTLUxNUS/install/_local_setup_util_sh.py'
[0.831s] INFO:colcon.colcon_core.shell:Creating prefix chain script '/home/parallels/Desktop/Sidewalk_Robot_XJTLUxNUS/install/setup.sh'
