[1.073s] DEBUG:colcon:Command line arguments: ['/usr/bin/colcon', 'build']
[1.073s] DEBUG:colcon:Parsed command line arguments: Namespace(log_base=None, log_level=None, verb_name='build', build_base='build', install_base='install', merge_install=False, symlink_install=False, test_result_base=None, continue_on_error=False, executor='sequential', event_handlers=None, base_paths=['.'], paths=None, cmake_args=None, cmake_target=None, cmake_target_skip_unavailable=False, cmake_clean_cache=False, cmake_clean_first=False, cmake_force_configure=False, ament_cmake_args=None, catkin_cmake_args=None, catkin_skip_building_tests=False, verb_parser=CustomArgumentParser(prog='colcon build', usage=None, description='Build a set of packages.', formatter_class=<class 'colcon_core.command.CustomFormatter'>, conflict_handler='error', add_help=True), verb_extension=<colcon_core.verb.build.BuildVerb object at 0xffff9b899ff0>, main=<bound method BuildVerb.main of <colcon_core.verb.build.BuildVerb object at 0xffff9b899ff0>>)
[1.185s] Level 1:colcon.colcon_core.package_discovery:discover_packages(recursive) check parameters
[1.185s] Level 1:colcon.colcon_core.package_discovery:discover_packages(path) check parameters
[1.185s] Level 1:colcon.colcon_core.package_discovery:discover_packages(recursive) discover
[1.186s] INFO:colcon.colcon_core.package_discovery:Crawling recursively for packages in '/home/pi/Sidewalk_Robot_XJTLUxNUS/sensors/src'
[1.186s] Level 1:colcon.colcon_core.package_identification:_identify(.) by extensions ['ignore', 'ignore_ament_install']
[1.186s] Level 1:colcon.colcon_core.package_identification:_identify(.) by extension 'ignore'
[1.187s] Level 1:colcon.colcon_core.package_identification:_identify(.) by extension 'ignore_ament_install'
[1.187s] Level 1:colcon.colcon_core.package_identification:_identify(.) by extensions ['ros']
[1.187s] Level 1:colcon.colcon_core.package_identification:_identify(.) by extension 'ros'
[1.233s] Level 1:colcon.colcon_core.package_identification:_identify(.) by extensions ['cmake', 'python']
[1.233s] Level 1:colcon.colcon_core.package_identification:_identify(.) by extension 'cmake'
[1.233s] Level 1:colcon.colcon_core.package_identification:_identify(.) by extension 'python'
[1.234s] Level 1:colcon.colcon_core.package_identification:_identify(.) by extensions ['python_setup_py']
[1.234s] Level 1:colcon.colcon_core.package_identification:_identify(.) by extension 'python_setup_py'
[1.234s] Level 1:colcon.colcon_core.package_identification:_identify(build) by extensions ['ignore', 'ignore_ament_install']
[1.235s] Level 1:colcon.colcon_core.package_identification:_identify(build) by extension 'ignore'
[1.235s] Level 1:colcon.colcon_core.package_identification:_identify(build) ignored
[1.236s] Level 1:colcon.colcon_core.package_identification:_identify(imu) by extensions ['ignore', 'ignore_ament_install']
[1.236s] Level 1:colcon.colcon_core.package_identification:_identify(imu) by extension 'ignore'
[1.236s] Level 1:colcon.colcon_core.package_identification:_identify(imu) by extension 'ignore_ament_install'
[1.236s] Level 1:colcon.colcon_core.package_identification:_identify(imu) by extensions ['ros']
[1.237s] Level 1:colcon.colcon_core.package_identification:_identify(imu) by extension 'ros'
[1.245s] DEBUG:colcon.colcon_core.package_identification:Package 'imu' with type 'ros.ament_python' and name 'imu'
[1.246s] Level 1:colcon.colcon_core.package_identification:_identify(install) by extensions ['ignore', 'ignore_ament_install']
[1.246s] Level 1:colcon.colcon_core.package_identification:_identify(install) by extension 'ignore'
[1.246s] Level 1:colcon.colcon_core.package_identification:_identify(install) ignored
[1.247s] Level 1:colcon.colcon_core.package_identification:_identify(log) by extensions ['ignore', 'ignore_ament_install']
[1.247s] Level 1:colcon.colcon_core.package_identification:_identify(log) by extension 'ignore'
[1.247s] Level 1:colcon.colcon_core.package_identification:_identify(log) ignored
[1.248s] Level 1:colcon.colcon_core.package_identification:_identify(share) by extensions ['ignore', 'ignore_ament_install']
[1.248s] Level 1:colcon.colcon_core.package_identification:_identify(share) by extension 'ignore'
[1.248s] Level 1:colcon.colcon_core.package_identification:_identify(share) by extension 'ignore_ament_install'
[1.248s] Level 1:colcon.colcon_core.package_identification:_identify(share) by extensions ['ros']
[1.248s] Level 1:colcon.colcon_core.package_identification:_identify(share) by extension 'ros'
[1.250s] DEBUG:colcon.colcon_core.package_identification:Package 'share' with type 'ros.ament_cmake' and name 'share'
[1.251s] Level 1:colcon.colcon_core.package_identification:_identify(ultrasonic) by extensions ['ignore', 'ignore_ament_install']
[1.251s] Level 1:colcon.colcon_core.package_identification:_identify(ultrasonic) by extension 'ignore'
[1.252s] Level 1:colcon.colcon_core.package_identification:_identify(ultrasonic) by extension 'ignore_ament_install'
[1.252s] Level 1:colcon.colcon_core.package_identification:_identify(ultrasonic) by extensions ['ros']
[1.252s] Level 1:colcon.colcon_core.package_identification:_identify(ultrasonic) by extension 'ros'
[1.254s] DEBUG:colcon.colcon_core.package_identification:Package 'ultrasonic' with type 'ros.ament_python' and name 'ultrasonic'
[1.254s] Level 1:colcon.colcon_core.package_discovery:discover_packages(recursive) using defaults
[1.255s] Level 1:colcon.colcon_core.package_discovery:discover_packages(path) discover
[1.255s] Level 1:colcon.colcon_core.package_discovery:discover_packages(path) using defaults
[1.360s] Level 5:colcon.colcon_core.verb:set package 'imu' build argument 'cmake_args' from command line to 'None'
[1.360s] Level 5:colcon.colcon_core.verb:set package 'imu' build argument 'cmake_target' from command line to 'None'
[1.360s] Level 5:colcon.colcon_core.verb:set package 'imu' build argument 'cmake_target_skip_unavailable' from command line to 'False'
[1.360s] Level 5:colcon.colcon_core.verb:set package 'imu' build argument 'cmake_clean_cache' from command line to 'False'
[1.361s] Level 5:colcon.colcon_core.verb:set package 'imu' build argument 'cmake_clean_first' from command line to 'False'
[1.361s] Level 5:colcon.colcon_core.verb:set package 'imu' build argument 'cmake_force_configure' from command line to 'False'
[1.361s] Level 5:colcon.colcon_core.verb:set package 'imu' build argument 'ament_cmake_args' from command line to 'None'
[1.361s] Level 5:colcon.colcon_core.verb:set package 'imu' build argument 'catkin_cmake_args' from command line to 'None'
[1.361s] Level 5:colcon.colcon_core.verb:set package 'imu' build argument 'catkin_skip_building_tests' from command line to 'False'
[1.361s] DEBUG:colcon.colcon_core.verb:Building package 'imu' with the following arguments: {'ament_cmake_args': None, 'build_base': '/home/pi/Sidewalk_Robot_XJTLUxNUS/sensors/src/build/imu', 'catkin_cmake_args': None, 'catkin_skip_building_tests': False, 'cmake_args': None, 'cmake_clean_cache': False, 'cmake_clean_first': False, 'cmake_force_configure': False, 'cmake_target': None, 'cmake_target_skip_unavailable': False, 'install_base': '/home/pi/Sidewalk_Robot_XJTLUxNUS/sensors/src/install/imu', 'merge_install': False, 'path': '/home/pi/Sidewalk_Robot_XJTLUxNUS/sensors/src/imu', 'symlink_install': False, 'test_result_base': None}
[1.365s] Level 5:colcon.colcon_core.verb:set package 'share' build argument 'cmake_args' from command line to 'None'
[1.366s] Level 5:colcon.colcon_core.verb:set package 'share' build argument 'cmake_target' from command line to 'None'
[1.366s] Level 5:colcon.colcon_core.verb:set package 'share' build argument 'cmake_target_skip_unavailable' from command line to 'False'
[1.366s] Level 5:colcon.colcon_core.verb:set package 'share' build argument 'cmake_clean_cache' from command line to 'False'
[1.366s] Level 5:colcon.colcon_core.verb:set package 'share' build argument 'cmake_clean_first' from command line to 'False'
[1.366s] Level 5:colcon.colcon_core.verb:set package 'share' build argument 'cmake_force_configure' from command line to 'False'
[1.366s] Level 5:colcon.colcon_core.verb:set package 'share' build argument 'ament_cmake_args' from command line to 'None'
[1.366s] Level 5:colcon.colcon_core.verb:set package 'share' build argument 'catkin_cmake_args' from command line to 'None'
[1.366s] Level 5:colcon.colcon_core.verb:set package 'share' build argument 'catkin_skip_building_tests' from command line to 'False'
[1.367s] DEBUG:colcon.colcon_core.verb:Building package 'share' with the following arguments: {'ament_cmake_args': None, 'build_base': '/home/pi/Sidewalk_Robot_XJTLUxNUS/sensors/src/build/share', 'catkin_cmake_args': None, 'catkin_skip_building_tests': False, 'cmake_args': None, 'cmake_clean_cache': False, 'cmake_clean_first': False, 'cmake_force_configure': False, 'cmake_target': None, 'cmake_target_skip_unavailable': False, 'install_base': '/home/pi/Sidewalk_Robot_XJTLUxNUS/sensors/src/install/share', 'merge_install': False, 'path': '/home/pi/Sidewalk_Robot_XJTLUxNUS/sensors/src/share', 'symlink_install': False, 'test_result_base': None}
[1.370s] Level 5:colcon.colcon_core.verb:set package 'ultrasonic' build argument 'cmake_args' from command line to 'None'
[1.371s] Level 5:colcon.colcon_core.verb:set package 'ultrasonic' build argument 'cmake_target' from command line to 'None'
[1.371s] Level 5:colcon.colcon_core.verb:set package 'ultrasonic' build argument 'cmake_target_skip_unavailable' from command line to 'False'
[1.371s] Level 5:colcon.colcon_core.verb:set package 'ultrasonic' build argument 'cmake_clean_cache' from command line to 'False'
[1.371s] Level 5:colcon.colcon_core.verb:set package 'ultrasonic' build argument 'cmake_clean_first' from command line to 'False'
[1.371s] Level 5:colcon.colcon_core.verb:set package 'ultrasonic' build argument 'cmake_force_configure' from command line to 'False'
[1.371s] Level 5:colcon.colcon_core.verb:set package 'ultrasonic' build argument 'ament_cmake_args' from command line to 'None'
[1.371s] Level 5:colcon.colcon_core.verb:set package 'ultrasonic' build argument 'catkin_cmake_args' from command line to 'None'
[1.371s] Level 5:colcon.colcon_core.verb:set package 'ultrasonic' build argument 'catkin_skip_building_tests' from command line to 'False'
[1.372s] DEBUG:colcon.colcon_core.verb:Building package 'ultrasonic' with the following arguments: {'ament_cmake_args': None, 'build_base': '/home/pi/Sidewalk_Robot_XJTLUxNUS/sensors/src/build/ultrasonic', 'catkin_cmake_args': None, 'catkin_skip_building_tests': False, 'cmake_args': None, 'cmake_clean_cache': False, 'cmake_clean_first': False, 'cmake_force_configure': False, 'cmake_target': None, 'cmake_target_skip_unavailable': False, 'install_base': '/home/pi/Sidewalk_Robot_XJTLUxNUS/sensors/src/install/ultrasonic', 'merge_install': False, 'path': '/home/pi/Sidewalk_Robot_XJTLUxNUS/sensors/src/ultrasonic', 'symlink_install': False, 'test_result_base': None}
[1.373s] INFO:colcon.colcon_core.executor:Executing jobs using 'sequential' executor
[1.380s] DEBUG:colcon.colcon_core.executor.sequential:run_until_complete 'imu'
[1.381s] INFO:colcon.colcon_ros.task.ament_python.build:Building ROS package in '/home/pi/Sidewalk_Robot_XJTLUxNUS/sensors/src/imu' with build type 'ament_python'
[1.381s] Level 1:colcon.colcon_core.shell:create_environment_hook('imu', 'ament_prefix_path')
[1.387s] INFO:colcon.colcon_core.plugin_system:Skipping extension 'colcon_core.shell.bat': Not used on non-Windows systems
[1.388s] INFO:colcon.colcon_core.shell:Creating environment descriptor '/home/pi/Sidewalk_Robot_XJTLUxNUS/sensors/src/install/imu/share/imu/hook/ament_prefix_path.dsv'
[1.390s] INFO:colcon.colcon_core.shell:Creating environment hook '/home/pi/Sidewalk_Robot_XJTLUxNUS/sensors/src/install/imu/share/imu/hook/ament_prefix_path.sh'
[1.396s] DEBUG:colcon.colcon_core.shell:Skip shell extension 'dsv' for command environment
[2.659s] INFO:colcon.colcon_core.task.python.build:Building Python package in '/home/pi/Sidewalk_Robot_XJTLUxNUS/sensors/src/imu'
[2.662s] DEBUG:colcon.colcon_core.shell:Skip shell extension 'dsv' for command environment
[4.318s] DEBUG:colcon.colcon_core.event_handler.log_command:Invoking command in '/home/pi/Sidewalk_Robot_XJTLUxNUS/sensors/src/imu': PYTHONPATH=/home/pi/Sidewalk_Robot_XJTLUxNUS/sensors/src/build/imu/prefix_override:/home/pi/Sidewalk_Robot_XJTLUxNUS/sensors/src/install/imu/lib/python3.10/site-packages:${PYTHONPATH} /usr/bin/python3 setup.py egg_info --egg-base ../build/imu build --build-base /home/pi/Sidewalk_Robot_XJTLUxNUS/sensors/src/build/imu/build install --record /home/pi/Sidewalk_Robot_XJTLUxNUS/sensors/src/build/imu/install.log --single-version-externally-managed
[5.756s] DEBUG:colcon.colcon_core.event_handler.log_command:Invoked command in '/home/pi/Sidewalk_Robot_XJTLUxNUS/sensors/src/imu' returned '0': PYTHONPATH=/home/pi/Sidewalk_Robot_XJTLUxNUS/sensors/src/build/imu/prefix_override:/home/pi/Sidewalk_Robot_XJTLUxNUS/sensors/src/install/imu/lib/python3.10/site-packages:${PYTHONPATH} /usr/bin/python3 setup.py egg_info --egg-base ../build/imu build --build-base /home/pi/Sidewalk_Robot_XJTLUxNUS/sensors/src/build/imu/build install --record /home/pi/Sidewalk_Robot_XJTLUxNUS/sensors/src/build/imu/install.log --single-version-externally-managed
[5.777s] Level 1:colcon.colcon_core.environment:checking '/home/pi/Sidewalk_Robot_XJTLUxNUS/sensors/src/install/imu' for CMake module files
[5.779s] Level 1:colcon.colcon_core.environment:checking '/home/pi/Sidewalk_Robot_XJTLUxNUS/sensors/src/install/imu' for CMake config files
[5.783s] Level 1:colcon.colcon_core.environment:checking '/home/pi/Sidewalk_Robot_XJTLUxNUS/sensors/src/install/imu/lib'
[5.784s] Level 1:colcon.colcon_core.environment:checking '/home/pi/Sidewalk_Robot_XJTLUxNUS/sensors/src/install/imu/bin'
[5.784s] Level 1:colcon.colcon_core.environment:checking '/home/pi/Sidewalk_Robot_XJTLUxNUS/sensors/src/install/imu/lib/pkgconfig/imu.pc'
[5.785s] Level 1:colcon.colcon_core.environment:checking '/home/pi/Sidewalk_Robot_XJTLUxNUS/sensors/src/install/imu/lib/python3.10/site-packages'
[5.785s] Level 1:colcon.colcon_core.shell:create_environment_hook('imu', 'pythonpath')
[5.788s] INFO:colcon.colcon_core.shell:Creating environment descriptor '/home/pi/Sidewalk_Robot_XJTLUxNUS/sensors/src/install/imu/share/imu/hook/pythonpath.dsv'
[5.790s] INFO:colcon.colcon_core.shell:Creating environment hook '/home/pi/Sidewalk_Robot_XJTLUxNUS/sensors/src/install/imu/share/imu/hook/pythonpath.sh'
[5.793s] Level 1:colcon.colcon_core.environment:checking '/home/pi/Sidewalk_Robot_XJTLUxNUS/sensors/src/install/imu/bin'
[5.794s] Level 1:colcon.colcon_core.environment:create_environment_scripts_only(imu)
[5.797s] INFO:colcon.colcon_core.shell:Creating package descriptor '/home/pi/Sidewalk_Robot_XJTLUxNUS/sensors/src/install/imu/share/imu/package.dsv'
[5.800s] INFO:colcon.colcon_core.shell:Creating package script '/home/pi/Sidewalk_Robot_XJTLUxNUS/sensors/src/install/imu/share/imu/package.sh'
[5.803s] Level 1:colcon.colcon_core.environment:create_file_with_runtime_dependencies(/home/pi/Sidewalk_Robot_XJTLUxNUS/sensors/src/install/imu/share/colcon-core/packages/imu)
[5.804s] DEBUG:colcon.colcon_core.executor.sequential:run_until_complete 'imu' finished with '0'
[5.805s] DEBUG:colcon.colcon_core.executor.sequential:run_until_complete 'share'
[5.805s] INFO:colcon.colcon_ros.task.ament_cmake.build:Building ROS package in '/home/pi/Sidewalk_Robot_XJTLUxNUS/sensors/src/share' with build type 'ament_cmake'
[5.806s] INFO:colcon.colcon_cmake.task.cmake.build:Building CMake package in '/home/pi/Sidewalk_Robot_XJTLUxNUS/sensors/src/share'
[5.809s] DEBUG:colcon.colcon_core.shell:Skip shell extension 'dsv' for command environment
[5.859s] DEBUG:colcon.colcon_core.event_handler.log_command:Invoking command in '/home/pi/Sidewalk_Robot_XJTLUxNUS/sensors/src/build/share': CMAKE_PREFIX_PATH=${CMAKE_PREFIX_PATH}:/home/pi/Sidewalk_Robot_XJTLUxNUS/sensors/src/install/ultrasonic:/home/pi/Sidewalk_Robot_XJTLUxNUS/sensors/src/install/imu:/home/pi/Sidewalk_Robot_XJTLUxNUS/sensors/install/ultrasonic:/home/pi/Sidewalk_Robot_XJTLUxNUS/sensors/install/imu:/home/pi/Sidewalk_Robot_XJTLUxNUS/main/install/motor_control:/home/pi/Sidewalk_Robot_XJTLUxNUS/main/install/can_bus:/opt/ros/humble /usr/bin/cmake --build /home/pi/Sidewalk_Robot_XJTLUxNUS/sensors/src/build/share -- -j4 -l4
[6.019s] DEBUG:colcon.colcon_core.event_handler.log_command:Invoked command in '/home/pi/Sidewalk_Robot_XJTLUxNUS/sensors/src/build/share' returned '0': CMAKE_PREFIX_PATH=${CMAKE_PREFIX_PATH}:/home/pi/Sidewalk_Robot_XJTLUxNUS/sensors/src/install/ultrasonic:/home/pi/Sidewalk_Robot_XJTLUxNUS/sensors/src/install/imu:/home/pi/Sidewalk_Robot_XJTLUxNUS/sensors/install/ultrasonic:/home/pi/Sidewalk_Robot_XJTLUxNUS/sensors/install/imu:/home/pi/Sidewalk_Robot_XJTLUxNUS/main/install/motor_control:/home/pi/Sidewalk_Robot_XJTLUxNUS/main/install/can_bus:/opt/ros/humble /usr/bin/cmake --build /home/pi/Sidewalk_Robot_XJTLUxNUS/sensors/src/build/share -- -j4 -l4
[6.175s] DEBUG:colcon.colcon_core.event_handler.log_command:Invoking command in '/home/pi/Sidewalk_Robot_XJTLUxNUS/sensors/src/build/share': CMAKE_PREFIX_PATH=${CMAKE_PREFIX_PATH}:/home/pi/Sidewalk_Robot_XJTLUxNUS/sensors/src/install/ultrasonic:/home/pi/Sidewalk_Robot_XJTLUxNUS/sensors/src/install/imu:/home/pi/Sidewalk_Robot_XJTLUxNUS/sensors/install/ultrasonic:/home/pi/Sidewalk_Robot_XJTLUxNUS/sensors/install/imu:/home/pi/Sidewalk_Robot_XJTLUxNUS/main/install/motor_control:/home/pi/Sidewalk_Robot_XJTLUxNUS/main/install/can_bus:/opt/ros/humble /usr/bin/cmake --install /home/pi/Sidewalk_Robot_XJTLUxNUS/sensors/src/build/share
[6.222s] Level 1:colcon.colcon_core.environment:create_environment_scripts_only(share)
[6.222s] DEBUG:colcon.colcon_core.event_handler.log_command:Invoked command in '/home/pi/Sidewalk_Robot_XJTLUxNUS/sensors/src/build/share' returned '0': CMAKE_PREFIX_PATH=${CMAKE_PREFIX_PATH}:/home/pi/Sidewalk_Robot_XJTLUxNUS/sensors/src/install/ultrasonic:/home/pi/Sidewalk_Robot_XJTLUxNUS/sensors/src/install/imu:/home/pi/Sidewalk_Robot_XJTLUxNUS/sensors/install/ultrasonic:/home/pi/Sidewalk_Robot_XJTLUxNUS/sensors/install/imu:/home/pi/Sidewalk_Robot_XJTLUxNUS/main/install/motor_control:/home/pi/Sidewalk_Robot_XJTLUxNUS/main/install/can_bus:/opt/ros/humble /usr/bin/cmake --install /home/pi/Sidewalk_Robot_XJTLUxNUS/sensors/src/build/share
[6.230s] Level 1:colcon.colcon_core.environment:checking '/home/pi/Sidewalk_Robot_XJTLUxNUS/sensors/src/install/share' for CMake module files
[6.233s] Level 1:colcon.colcon_core.environment:checking '/home/pi/Sidewalk_Robot_XJTLUxNUS/sensors/src/install/share' for CMake config files
[6.235s] Level 1:colcon.colcon_core.shell:create_environment_hook('share', 'cmake_prefix_path')
[6.238s] INFO:colcon.colcon_core.shell:Creating environment descriptor '/home/pi/Sidewalk_Robot_XJTLUxNUS/sensors/src/install/share/share/share/hook/cmake_prefix_path.dsv'
[6.240s] INFO:colcon.colcon_core.shell:Creating environment hook '/home/pi/Sidewalk_Robot_XJTLUxNUS/sensors/src/install/share/share/share/hook/cmake_prefix_path.sh'
[6.242s] Level 1:colcon.colcon_core.environment:checking '/home/pi/Sidewalk_Robot_XJTLUxNUS/sensors/src/install/share/bin'
[6.243s] Level 1:colcon.colcon_core.environment:checking '/home/pi/Sidewalk_Robot_XJTLUxNUS/sensors/src/install/share/lib/pkgconfig/share.pc'
[6.244s] Level 1:colcon.colcon_core.environment:checking '/home/pi/Sidewalk_Robot_XJTLUxNUS/sensors/src/install/share/lib/python3.10/site-packages'
[6.244s] Level 1:colcon.colcon_core.environment:checking '/home/pi/Sidewalk_Robot_XJTLUxNUS/sensors/src/install/share/bin'
[6.248s] INFO:colcon.colcon_core.shell:Creating package descriptor '/home/pi/Sidewalk_Robot_XJTLUxNUS/sensors/src/install/share/share/share/package.dsv'
[6.250s] INFO:colcon.colcon_core.shell:Creating package script '/home/pi/Sidewalk_Robot_XJTLUxNUS/sensors/src/install/share/share/share/package.sh'
[6.252s] Level 1:colcon.colcon_core.environment:create_file_with_runtime_dependencies(/home/pi/Sidewalk_Robot_XJTLUxNUS/sensors/src/install/share/share/colcon-core/packages/share)
[6.372s] Level 1:colcon.colcon_core.environment:create_environment_scripts_only(share)
[6.381s] Level 1:colcon.colcon_core.environment:checking '/home/pi/Sidewalk_Robot_XJTLUxNUS/sensors/src/install/share' for CMake module files
[6.384s] Level 1:colcon.colcon_core.environment:checking '/home/pi/Sidewalk_Robot_XJTLUxNUS/sensors/src/install/share' for CMake config files
[6.387s] Level 1:colcon.colcon_core.shell:create_environment_hook('share', 'cmake_prefix_path')
[6.391s] INFO:colcon.colcon_core.shell:Creating environment descriptor '/home/pi/Sidewalk_Robot_XJTLUxNUS/sensors/src/install/share/share/share/hook/cmake_prefix_path.dsv'
[6.393s] INFO:colcon.colcon_core.shell:Creating environment hook '/home/pi/Sidewalk_Robot_XJTLUxNUS/sensors/src/install/share/share/share/hook/cmake_prefix_path.sh'
[6.395s] Level 1:colcon.colcon_core.environment:checking '/home/pi/Sidewalk_Robot_XJTLUxNUS/sensors/src/install/share/bin'
[6.395s] Level 1:colcon.colcon_core.environment:checking '/home/pi/Sidewalk_Robot_XJTLUxNUS/sensors/src/install/share/lib/pkgconfig/share.pc'
[6.396s] Level 1:colcon.colcon_core.environment:checking '/home/pi/Sidewalk_Robot_XJTLUxNUS/sensors/src/install/share/lib/python3.10/site-packages'
[6.397s] Level 1:colcon.colcon_core.environment:checking '/home/pi/Sidewalk_Robot_XJTLUxNUS/sensors/src/install/share/bin'
[6.401s] INFO:colcon.colcon_core.shell:Creating package descriptor '/home/pi/Sidewalk_Robot_XJTLUxNUS/sensors/src/install/share/share/share/package.dsv'
[6.404s] INFO:colcon.colcon_core.shell:Creating package script '/home/pi/Sidewalk_Robot_XJTLUxNUS/sensors/src/install/share/share/share/package.sh'
[6.406s] Level 1:colcon.colcon_core.environment:create_file_with_runtime_dependencies(/home/pi/Sidewalk_Robot_XJTLUxNUS/sensors/src/install/share/share/colcon-core/packages/share)
[6.407s] DEBUG:colcon.colcon_core.executor.sequential:run_until_complete 'share' finished with '0'
[6.407s] DEBUG:colcon.colcon_core.executor.sequential:run_until_complete 'ultrasonic'
[6.407s] INFO:colcon.colcon_ros.task.ament_python.build:Building ROS package in '/home/pi/Sidewalk_Robot_XJTLUxNUS/sensors/src/ultrasonic' with build type 'ament_python'
[6.408s] Level 1:colcon.colcon_core.shell:create_environment_hook('ultrasonic', 'ament_prefix_path')
[6.412s] INFO:colcon.colcon_core.shell:Creating environment descriptor '/home/pi/Sidewalk_Robot_XJTLUxNUS/sensors/src/install/ultrasonic/share/ultrasonic/hook/ament_prefix_path.dsv'
[6.414s] INFO:colcon.colcon_core.shell:Creating environment hook '/home/pi/Sidewalk_Robot_XJTLUxNUS/sensors/src/install/ultrasonic/share/ultrasonic/hook/ament_prefix_path.sh'
[6.419s] DEBUG:colcon.colcon_core.shell:Skip shell extension 'dsv' for command environment
[7.721s] INFO:colcon.colcon_core.task.python.build:Building Python package in '/home/pi/Sidewalk_Robot_XJTLUxNUS/sensors/src/ultrasonic'
[7.725s] DEBUG:colcon.colcon_core.shell:Skip shell extension 'dsv' for command environment
[9.383s] DEBUG:colcon.colcon_core.event_handler.log_command:Invoking command in '/home/pi/Sidewalk_Robot_XJTLUxNUS/sensors/src/ultrasonic': PYTHONPATH=/home/pi/Sidewalk_Robot_XJTLUxNUS/sensors/src/build/ultrasonic/prefix_override:/home/pi/Sidewalk_Robot_XJTLUxNUS/sensors/src/install/ultrasonic/lib/python3.10/site-packages:${PYTHONPATH} /usr/bin/python3 setup.py egg_info --egg-base ../build/ultrasonic build --build-base /home/pi/Sidewalk_Robot_XJTLUxNUS/sensors/src/build/ultrasonic/build install --record /home/pi/Sidewalk_Robot_XJTLUxNUS/sensors/src/build/ultrasonic/install.log --single-version-externally-managed
[10.752s] DEBUG:colcon.colcon_core.event_handler.log_command:Invoked command in '/home/pi/Sidewalk_Robot_XJTLUxNUS/sensors/src/ultrasonic' returned '0': PYTHONPATH=/home/pi/Sidewalk_Robot_XJTLUxNUS/sensors/src/build/ultrasonic/prefix_override:/home/pi/Sidewalk_Robot_XJTLUxNUS/sensors/src/install/ultrasonic/lib/python3.10/site-packages:${PYTHONPATH} /usr/bin/python3 setup.py egg_info --egg-base ../build/ultrasonic build --build-base /home/pi/Sidewalk_Robot_XJTLUxNUS/sensors/src/build/ultrasonic/build install --record /home/pi/Sidewalk_Robot_XJTLUxNUS/sensors/src/build/ultrasonic/install.log --single-version-externally-managed
[10.755s] Level 1:colcon.colcon_core.environment:checking '/home/pi/Sidewalk_Robot_XJTLUxNUS/sensors/src/install/ultrasonic' for CMake module files
[10.758s] Level 1:colcon.colcon_core.environment:checking '/home/pi/Sidewalk_Robot_XJTLUxNUS/sensors/src/install/ultrasonic' for CMake config files
[10.761s] Level 1:colcon.colcon_core.environment:checking '/home/pi/Sidewalk_Robot_XJTLUxNUS/sensors/src/install/ultrasonic/lib'
[10.762s] Level 1:colcon.colcon_core.environment:checking '/home/pi/Sidewalk_Robot_XJTLUxNUS/sensors/src/install/ultrasonic/bin'
[10.762s] Level 1:colcon.colcon_core.environment:checking '/home/pi/Sidewalk_Robot_XJTLUxNUS/sensors/src/install/ultrasonic/lib/pkgconfig/ultrasonic.pc'
[10.763s] Level 1:colcon.colcon_core.environment:checking '/home/pi/Sidewalk_Robot_XJTLUxNUS/sensors/src/install/ultrasonic/lib/python3.10/site-packages'
[10.763s] Level 1:colcon.colcon_core.shell:create_environment_hook('ultrasonic', 'pythonpath')
[10.766s] INFO:colcon.colcon_core.shell:Creating environment descriptor '/home/pi/Sidewalk_Robot_XJTLUxNUS/sensors/src/install/ultrasonic/share/ultrasonic/hook/pythonpath.dsv'
[10.768s] INFO:colcon.colcon_core.shell:Creating environment hook '/home/pi/Sidewalk_Robot_XJTLUxNUS/sensors/src/install/ultrasonic/share/ultrasonic/hook/pythonpath.sh'
[10.771s] Level 1:colcon.colcon_core.environment:checking '/home/pi/Sidewalk_Robot_XJTLUxNUS/sensors/src/install/ultrasonic/bin'
[10.771s] Level 1:colcon.colcon_core.environment:create_environment_scripts_only(ultrasonic)
[10.775s] INFO:colcon.colcon_core.shell:Creating package descriptor '/home/pi/Sidewalk_Robot_XJTLUxNUS/sensors/src/install/ultrasonic/share/ultrasonic/package.dsv'
[10.777s] INFO:colcon.colcon_core.shell:Creating package script '/home/pi/Sidewalk_Robot_XJTLUxNUS/sensors/src/install/ultrasonic/share/ultrasonic/package.sh'
[10.779s] Level 1:colcon.colcon_core.environment:create_file_with_runtime_dependencies(/home/pi/Sidewalk_Robot_XJTLUxNUS/sensors/src/install/ultrasonic/share/colcon-core/packages/ultrasonic)
[10.780s] DEBUG:colcon.colcon_core.executor.sequential:run_until_complete 'ultrasonic' finished with '0'
[10.780s] DEBUG:colcon.colcon_core.executor.sequential:closing loop
[10.781s] DEBUG:colcon.colcon_core.executor.sequential:loop closed
[10.781s] DEBUG:colcon.colcon_core.event_reactor:joining thread
[10.782s] DEBUG:colcon.colcon_core.event_reactor:joined thread
[10.785s] INFO:colcon.colcon_core.shell:Creating prefix script '/home/pi/Sidewalk_Robot_XJTLUxNUS/sensors/src/install/local_setup.sh'
[10.788s] INFO:colcon.colcon_core.shell:Creating prefix util module '/home/pi/Sidewalk_Robot_XJTLUxNUS/sensors/src/install/_local_setup_util_sh.py'
[10.793s] INFO:colcon.colcon_core.shell:Creating prefix chain script '/home/pi/Sidewalk_Robot_XJTLUxNUS/sensors/src/install/setup.sh'
