[1.090s] DEBUG:colcon:Command line arguments: ['/usr/bin/colcon', 'build']
[1.091s] DEBUG:colcon:Parsed command line arguments: Namespace(log_base=None, log_level=None, verb_name='build', build_base='build', install_base='install', merge_install=False, symlink_install=False, test_result_base=None, continue_on_error=False, executor='sequential', event_handlers=None, base_paths=['.'], paths=None, cmake_args=None, cmake_target=None, cmake_target_skip_unavailable=False, cmake_clean_cache=False, cmake_clean_first=False, cmake_force_configure=False, ament_cmake_args=None, catkin_cmake_args=None, catkin_skip_building_tests=False, verb_parser=CustomArgumentParser(prog='colcon build', usage=None, description='Build a set of packages.', formatter_class=<class 'colcon_core.command.CustomFormatter'>, conflict_handler='error', add_help=True), verb_extension=<colcon_core.verb.build.BuildVerb object at 0xffffa9af7dc0>, main=<bound method BuildVerb.main of <colcon_core.verb.build.BuildVerb object at 0xffffa9af7dc0>>)
[1.274s] Level 1:colcon.colcon_core.package_discovery:discover_packages(recursive) check parameters
[1.274s] Level 1:colcon.colcon_core.package_discovery:discover_packages(path) check parameters
[1.274s] Level 1:colcon.colcon_core.package_discovery:discover_packages(recursive) discover
[1.275s] INFO:colcon.colcon_core.package_discovery:Crawling recursively for packages in '/home/pi/Desktop/Sidewalk_Robot_XJTLUxNUS'
[1.275s] Level 1:colcon.colcon_core.package_identification:_identify(.) by extensions ['ignore', 'ignore_ament_install']
[1.276s] Level 1:colcon.colcon_core.package_identification:_identify(.) by extension 'ignore'
[1.276s] Level 1:colcon.colcon_core.package_identification:_identify(.) by extension 'ignore_ament_install'
[1.276s] Level 1:colcon.colcon_core.package_identification:_identify(.) by extensions ['ros']
[1.276s] Level 1:colcon.colcon_core.package_identification:_identify(.) by extension 'ros'
[1.328s] Level 1:colcon.colcon_core.package_identification:_identify(.) by extensions ['cmake', 'python']
[1.328s] Level 1:colcon.colcon_core.package_identification:_identify(.) by extension 'cmake'
[1.328s] Level 1:colcon.colcon_core.package_identification:_identify(.) by extension 'python'
[1.329s] Level 1:colcon.colcon_core.package_identification:_identify(.) by extensions ['python_setup_py']
[1.329s] Level 1:colcon.colcon_core.package_identification:_identify(.) by extension 'python_setup_py'
[1.330s] Level 1:colcon.colcon_core.package_identification:_identify(build) by extensions ['ignore', 'ignore_ament_install']
[1.331s] Level 1:colcon.colcon_core.package_identification:_identify(build) by extension 'ignore'
[1.331s] Level 1:colcon.colcon_core.package_identification:_identify(build) ignored
[1.332s] Level 1:colcon.colcon_core.package_identification:_identify(install) by extensions ['ignore', 'ignore_ament_install']
[1.332s] Level 1:colcon.colcon_core.package_identification:_identify(install) by extension 'ignore'
[1.333s] Level 1:colcon.colcon_core.package_identification:_identify(install) ignored
[1.334s] Level 1:colcon.colcon_core.package_identification:_identify(log) by extensions ['ignore', 'ignore_ament_install']
[1.334s] Level 1:colcon.colcon_core.package_identification:_identify(log) by extension 'ignore'
[1.335s] Level 1:colcon.colcon_core.package_identification:_identify(log) ignored
[1.336s] Level 1:colcon.colcon_core.package_identification:_identify(src) by extensions ['ignore', 'ignore_ament_install']
[1.336s] Level 1:colcon.colcon_core.package_identification:_identify(src) by extension 'ignore'
[1.337s] Level 1:colcon.colcon_core.package_identification:_identify(src) by extension 'ignore_ament_install'
[1.337s] Level 1:colcon.colcon_core.package_identification:_identify(src) by extensions ['ros']
[1.337s] Level 1:colcon.colcon_core.package_identification:_identify(src) by extension 'ros'
[1.338s] Level 1:colcon.colcon_core.package_identification:_identify(src) by extensions ['cmake', 'python']
[1.338s] Level 1:colcon.colcon_core.package_identification:_identify(src) by extension 'cmake'
[1.338s] Level 1:colcon.colcon_core.package_identification:_identify(src) by extension 'python'
[1.339s] Level 1:colcon.colcon_core.package_identification:_identify(src) by extensions ['python_setup_py']
[1.339s] Level 1:colcon.colcon_core.package_identification:_identify(src) by extension 'python_setup_py'
[1.339s] Level 1:colcon.colcon_core.package_identification:_identify(src/can_bus) by extensions ['ignore', 'ignore_ament_install']
[1.340s] Level 1:colcon.colcon_core.package_identification:_identify(src/can_bus) by extension 'ignore'
[1.340s] Level 1:colcon.colcon_core.package_identification:_identify(src/can_bus) by extension 'ignore_ament_install'
[1.340s] Level 1:colcon.colcon_core.package_identification:_identify(src/can_bus) by extensions ['ros']
[1.340s] Level 1:colcon.colcon_core.package_identification:_identify(src/can_bus) by extension 'ros'
[1.356s] DEBUG:colcon.colcon_core.package_identification:Package 'src/can_bus' with type 'ros.ament_python' and name 'can_bus'
[1.357s] Level 1:colcon.colcon_core.package_identification:_identify(src/motor_control) by extensions ['ignore', 'ignore_ament_install']
[1.357s] Level 1:colcon.colcon_core.package_identification:_identify(src/motor_control) by extension 'ignore'
[1.357s] Level 1:colcon.colcon_core.package_identification:_identify(src/motor_control) by extension 'ignore_ament_install'
[1.358s] Level 1:colcon.colcon_core.package_identification:_identify(src/motor_control) by extensions ['ros']
[1.358s] Level 1:colcon.colcon_core.package_identification:_identify(src/motor_control) by extension 'ros'
[1.360s] DEBUG:colcon.colcon_core.package_identification:Package 'src/motor_control' with type 'ros.ament_python' and name 'motor_control'
[1.361s] Level 1:colcon.colcon_core.package_identification:_identify(src/share) by extensions ['ignore', 'ignore_ament_install']
[1.361s] Level 1:colcon.colcon_core.package_identification:_identify(src/share) by extension 'ignore'
[1.362s] Level 1:colcon.colcon_core.package_identification:_identify(src/share) by extension 'ignore_ament_install'
[1.362s] Level 1:colcon.colcon_core.package_identification:_identify(src/share) by extensions ['ros']
[1.362s] Level 1:colcon.colcon_core.package_identification:_identify(src/share) by extension 'ros'
[1.365s] DEBUG:colcon.colcon_core.package_identification:Package 'src/share' with type 'ros.ament_cmake' and name 'share'
[1.365s] Level 1:colcon.colcon_core.package_discovery:discover_packages(recursive) using defaults
[1.366s] Level 1:colcon.colcon_core.package_discovery:discover_packages(path) discover
[1.366s] Level 1:colcon.colcon_core.package_discovery:discover_packages(path) using defaults
[1.495s] Level 5:colcon.colcon_core.verb:set package 'can_bus' build argument 'cmake_args' from command line to 'None'
[1.495s] Level 5:colcon.colcon_core.verb:set package 'can_bus' build argument 'cmake_target' from command line to 'None'
[1.495s] Level 5:colcon.colcon_core.verb:set package 'can_bus' build argument 'cmake_target_skip_unavailable' from command line to 'False'
[1.496s] Level 5:colcon.colcon_core.verb:set package 'can_bus' build argument 'cmake_clean_cache' from command line to 'False'
[1.496s] Level 5:colcon.colcon_core.verb:set package 'can_bus' build argument 'cmake_clean_first' from command line to 'False'
[1.496s] Level 5:colcon.colcon_core.verb:set package 'can_bus' build argument 'cmake_force_configure' from command line to 'False'
[1.496s] Level 5:colcon.colcon_core.verb:set package 'can_bus' build argument 'ament_cmake_args' from command line to 'None'
[1.496s] Level 5:colcon.colcon_core.verb:set package 'can_bus' build argument 'catkin_cmake_args' from command line to 'None'
[1.496s] Level 5:colcon.colcon_core.verb:set package 'can_bus' build argument 'catkin_skip_building_tests' from command line to 'False'
[1.496s] DEBUG:colcon.colcon_core.verb:Building package 'can_bus' with the following arguments: {'ament_cmake_args': None, 'build_base': '/home/pi/Desktop/Sidewalk_Robot_XJTLUxNUS/build/can_bus', 'catkin_cmake_args': None, 'catkin_skip_building_tests': False, 'cmake_args': None, 'cmake_clean_cache': False, 'cmake_clean_first': False, 'cmake_force_configure': False, 'cmake_target': None, 'cmake_target_skip_unavailable': False, 'install_base': '/home/pi/Desktop/Sidewalk_Robot_XJTLUxNUS/install/can_bus', 'merge_install': False, 'path': '/home/pi/Desktop/Sidewalk_Robot_XJTLUxNUS/src/can_bus', 'symlink_install': False, 'test_result_base': None}
[1.501s] Level 5:colcon.colcon_core.verb:set package 'motor_control' build argument 'cmake_args' from command line to 'None'
[1.502s] Level 5:colcon.colcon_core.verb:set package 'motor_control' build argument 'cmake_target' from command line to 'None'
[1.502s] Level 5:colcon.colcon_core.verb:set package 'motor_control' build argument 'cmake_target_skip_unavailable' from command line to 'False'
[1.502s] Level 5:colcon.colcon_core.verb:set package 'motor_control' build argument 'cmake_clean_cache' from command line to 'False'
[1.502s] Level 5:colcon.colcon_core.verb:set package 'motor_control' build argument 'cmake_clean_first' from command line to 'False'
[1.502s] Level 5:colcon.colcon_core.verb:set package 'motor_control' build argument 'cmake_force_configure' from command line to 'False'
[1.502s] Level 5:colcon.colcon_core.verb:set package 'motor_control' build argument 'ament_cmake_args' from command line to 'None'
[1.502s] Level 5:colcon.colcon_core.verb:set package 'motor_control' build argument 'catkin_cmake_args' from command line to 'None'
[1.502s] Level 5:colcon.colcon_core.verb:set package 'motor_control' build argument 'catkin_skip_building_tests' from command line to 'False'
[1.503s] DEBUG:colcon.colcon_core.verb:Building package 'motor_control' with the following arguments: {'ament_cmake_args': None, 'build_base': '/home/pi/Desktop/Sidewalk_Robot_XJTLUxNUS/build/motor_control', 'catkin_cmake_args': None, 'catkin_skip_building_tests': False, 'cmake_args': None, 'cmake_clean_cache': False, 'cmake_clean_first': False, 'cmake_force_configure': False, 'cmake_target': None, 'cmake_target_skip_unavailable': False, 'install_base': '/home/pi/Desktop/Sidewalk_Robot_XJTLUxNUS/install/motor_control', 'merge_install': False, 'path': '/home/pi/Desktop/Sidewalk_Robot_XJTLUxNUS/src/motor_control', 'symlink_install': False, 'test_result_base': None}
[1.507s] Level 5:colcon.colcon_core.verb:set package 'share' build argument 'cmake_args' from command line to 'None'
[1.507s] Level 5:colcon.colcon_core.verb:set package 'share' build argument 'cmake_target' from command line to 'None'
[1.507s] Level 5:colcon.colcon_core.verb:set package 'share' build argument 'cmake_target_skip_unavailable' from command line to 'False'
[1.507s] Level 5:colcon.colcon_core.verb:set package 'share' build argument 'cmake_clean_cache' from command line to 'False'
[1.507s] Level 5:colcon.colcon_core.verb:set package 'share' build argument 'cmake_clean_first' from command line to 'False'
[1.507s] Level 5:colcon.colcon_core.verb:set package 'share' build argument 'cmake_force_configure' from command line to 'False'
[1.508s] Level 5:colcon.colcon_core.verb:set package 'share' build argument 'ament_cmake_args' from command line to 'None'
[1.508s] Level 5:colcon.colcon_core.verb:set package 'share' build argument 'catkin_cmake_args' from command line to 'None'
[1.508s] Level 5:colcon.colcon_core.verb:set package 'share' build argument 'catkin_skip_building_tests' from command line to 'False'
[1.508s] DEBUG:colcon.colcon_core.verb:Building package 'share' with the following arguments: {'ament_cmake_args': None, 'build_base': '/home/pi/Desktop/Sidewalk_Robot_XJTLUxNUS/build/share', 'catkin_cmake_args': None, 'catkin_skip_building_tests': False, 'cmake_args': None, 'cmake_clean_cache': False, 'cmake_clean_first': False, 'cmake_force_configure': False, 'cmake_target': None, 'cmake_target_skip_unavailable': False, 'install_base': '/home/pi/Desktop/Sidewalk_Robot_XJTLUxNUS/install/share', 'merge_install': False, 'path': '/home/pi/Desktop/Sidewalk_Robot_XJTLUxNUS/src/share', 'symlink_install': False, 'test_result_base': None}
[1.510s] INFO:colcon.colcon_core.executor:Executing jobs using 'sequential' executor
[1.524s] DEBUG:colcon.colcon_core.executor.sequential:run_until_complete 'can_bus'
[1.524s] INFO:colcon.colcon_ros.task.ament_python.build:Building ROS package in '/home/pi/Desktop/Sidewalk_Robot_XJTLUxNUS/src/can_bus' with build type 'ament_python'
[1.525s] Level 1:colcon.colcon_core.shell:create_environment_hook('can_bus', 'ament_prefix_path')
[1.547s] INFO:colcon.colcon_core.plugin_system:Skipping extension 'colcon_core.shell.bat': Not used on non-Windows systems
[1.548s] INFO:colcon.colcon_core.shell:Creating environment descriptor '/home/pi/Desktop/Sidewalk_Robot_XJTLUxNUS/install/can_bus/share/can_bus/hook/ament_prefix_path.dsv'
[1.551s] INFO:colcon.colcon_core.shell:Creating environment hook '/home/pi/Desktop/Sidewalk_Robot_XJTLUxNUS/install/can_bus/share/can_bus/hook/ament_prefix_path.sh'
[1.559s] DEBUG:colcon.colcon_core.shell:Skip shell extension 'dsv' for command environment
[2.819s] INFO:colcon.colcon_core.task.python.build:Building Python package in '/home/pi/Desktop/Sidewalk_Robot_XJTLUxNUS/src/can_bus'
[2.822s] DEBUG:colcon.colcon_core.shell:Skip shell extension 'dsv' for command environment
[4.722s] DEBUG:colcon.colcon_core.event_handler.log_command:Invoking command in '/home/pi/Desktop/Sidewalk_Robot_XJTLUxNUS/src/can_bus': PYTHONPATH=/home/pi/Desktop/Sidewalk_Robot_XJTLUxNUS/install/can_bus/lib/python3.10/site-packages:${PYTHONPATH} /usr/bin/python3 setup.py egg_info --egg-base ../../build/can_bus build --build-base /home/pi/Desktop/Sidewalk_Robot_XJTLUxNUS/build/can_bus/build install --prefix /home/pi/Desktop/Sidewalk_Robot_XJTLUxNUS/install/can_bus --record /home/pi/Desktop/Sidewalk_Robot_XJTLUxNUS/build/can_bus/install.log --single-version-externally-managed
[6.139s] DEBUG:colcon.colcon_core.event_handler.log_command:Invoked command in '/home/pi/Desktop/Sidewalk_Robot_XJTLUxNUS/src/can_bus' returned '0': PYTHONPATH=/home/pi/Desktop/Sidewalk_Robot_XJTLUxNUS/install/can_bus/lib/python3.10/site-packages:${PYTHONPATH} /usr/bin/python3 setup.py egg_info --egg-base ../../build/can_bus build --build-base /home/pi/Desktop/Sidewalk_Robot_XJTLUxNUS/build/can_bus/build install --prefix /home/pi/Desktop/Sidewalk_Robot_XJTLUxNUS/install/can_bus --record /home/pi/Desktop/Sidewalk_Robot_XJTLUxNUS/build/can_bus/install.log --single-version-externally-managed
[6.174s] Level 1:colcon.colcon_core.environment:checking '/home/pi/Desktop/Sidewalk_Robot_XJTLUxNUS/install/can_bus' for CMake module files
[6.177s] Level 1:colcon.colcon_core.environment:checking '/home/pi/Desktop/Sidewalk_Robot_XJTLUxNUS/install/can_bus' for CMake config files
[6.182s] Level 1:colcon.colcon_core.environment:checking '/home/pi/Desktop/Sidewalk_Robot_XJTLUxNUS/install/can_bus/lib'
[6.183s] Level 1:colcon.colcon_core.environment:checking '/home/pi/Desktop/Sidewalk_Robot_XJTLUxNUS/install/can_bus/bin'
[6.184s] Level 1:colcon.colcon_core.environment:checking '/home/pi/Desktop/Sidewalk_Robot_XJTLUxNUS/install/can_bus/lib/pkgconfig/can_bus.pc'
[6.185s] Level 1:colcon.colcon_core.environment:checking '/home/pi/Desktop/Sidewalk_Robot_XJTLUxNUS/install/can_bus/lib/python3.10/site-packages'
[6.186s] Level 1:colcon.colcon_core.shell:create_environment_hook('can_bus', 'pythonpath')
[6.190s] INFO:colcon.colcon_core.shell:Creating environment descriptor '/home/pi/Desktop/Sidewalk_Robot_XJTLUxNUS/install/can_bus/share/can_bus/hook/pythonpath.dsv'
[6.193s] INFO:colcon.colcon_core.shell:Creating environment hook '/home/pi/Desktop/Sidewalk_Robot_XJTLUxNUS/install/can_bus/share/can_bus/hook/pythonpath.sh'
[6.199s] Level 1:colcon.colcon_core.environment:checking '/home/pi/Desktop/Sidewalk_Robot_XJTLUxNUS/install/can_bus/bin'
[6.201s] Level 1:colcon.colcon_core.environment:create_environment_scripts_only(can_bus)
[6.209s] INFO:colcon.colcon_core.shell:Creating package descriptor '/home/pi/Desktop/Sidewalk_Robot_XJTLUxNUS/install/can_bus/share/can_bus/package.dsv'
[6.216s] INFO:colcon.colcon_core.shell:Creating package script '/home/pi/Desktop/Sidewalk_Robot_XJTLUxNUS/install/can_bus/share/can_bus/package.sh'
[6.225s] Level 1:colcon.colcon_core.environment:create_file_with_runtime_dependencies(/home/pi/Desktop/Sidewalk_Robot_XJTLUxNUS/install/can_bus/share/colcon-core/packages/can_bus)
[6.228s] DEBUG:colcon.colcon_core.executor.sequential:run_until_complete 'can_bus' finished with '0'
[6.230s] DEBUG:colcon.colcon_core.executor.sequential:run_until_complete 'motor_control'
[6.231s] INFO:colcon.colcon_ros.task.ament_python.build:Building ROS package in '/home/pi/Desktop/Sidewalk_Robot_XJTLUxNUS/src/motor_control' with build type 'ament_python'
[6.233s] Level 1:colcon.colcon_core.shell:create_environment_hook('motor_control', 'ament_prefix_path')
[6.245s] INFO:colcon.colcon_core.shell:Creating environment descriptor '/home/pi/Desktop/Sidewalk_Robot_XJTLUxNUS/install/motor_control/share/motor_control/hook/ament_prefix_path.dsv'
[6.249s] INFO:colcon.colcon_core.shell:Creating environment hook '/home/pi/Desktop/Sidewalk_Robot_XJTLUxNUS/install/motor_control/share/motor_control/hook/ament_prefix_path.sh'
[6.259s] DEBUG:colcon.colcon_core.shell:Skip shell extension 'dsv' for command environment
[7.704s] INFO:colcon.colcon_core.task.python.build:Building Python package in '/home/pi/Desktop/Sidewalk_Robot_XJTLUxNUS/src/motor_control'
[7.708s] DEBUG:colcon.colcon_core.shell:Skip shell extension 'dsv' for command environment
[9.531s] DEBUG:colcon.colcon_core.event_handler.log_command:Invoking command in '/home/pi/Desktop/Sidewalk_Robot_XJTLUxNUS/src/motor_control': PYTHONPATH=/home/pi/Desktop/Sidewalk_Robot_XJTLUxNUS/install/motor_control/lib/python3.10/site-packages:${PYTHONPATH} /usr/bin/python3 setup.py egg_info --egg-base ../../build/motor_control build --build-base /home/pi/Desktop/Sidewalk_Robot_XJTLUxNUS/build/motor_control/build install --prefix /home/pi/Desktop/Sidewalk_Robot_XJTLUxNUS/install/motor_control --record /home/pi/Desktop/Sidewalk_Robot_XJTLUxNUS/build/motor_control/install.log --single-version-externally-managed
[11.003s] DEBUG:colcon.colcon_core.event_handler.log_command:Invoked command in '/home/pi/Desktop/Sidewalk_Robot_XJTLUxNUS/src/motor_control' returned '0': PYTHONPATH=/home/pi/Desktop/Sidewalk_Robot_XJTLUxNUS/install/motor_control/lib/python3.10/site-packages:${PYTHONPATH} /usr/bin/python3 setup.py egg_info --egg-base ../../build/motor_control build --build-base /home/pi/Desktop/Sidewalk_Robot_XJTLUxNUS/build/motor_control/build install --prefix /home/pi/Desktop/Sidewalk_Robot_XJTLUxNUS/install/motor_control --record /home/pi/Desktop/Sidewalk_Robot_XJTLUxNUS/build/motor_control/install.log --single-version-externally-managed
[11.007s] Level 1:colcon.colcon_core.environment:checking '/home/pi/Desktop/Sidewalk_Robot_XJTLUxNUS/install/motor_control' for CMake module files
[11.010s] Level 1:colcon.colcon_core.environment:checking '/home/pi/Desktop/Sidewalk_Robot_XJTLUxNUS/install/motor_control' for CMake config files
[11.015s] Level 1:colcon.colcon_core.environment:checking '/home/pi/Desktop/Sidewalk_Robot_XJTLUxNUS/install/motor_control/lib'
[11.015s] Level 1:colcon.colcon_core.environment:checking '/home/pi/Desktop/Sidewalk_Robot_XJTLUxNUS/install/motor_control/bin'
[11.016s] Level 1:colcon.colcon_core.environment:checking '/home/pi/Desktop/Sidewalk_Robot_XJTLUxNUS/install/motor_control/lib/pkgconfig/motor_control.pc'
[11.016s] Level 1:colcon.colcon_core.environment:checking '/home/pi/Desktop/Sidewalk_Robot_XJTLUxNUS/install/motor_control/lib/python3.10/site-packages'
[11.017s] Level 1:colcon.colcon_core.shell:create_environment_hook('motor_control', 'pythonpath')
[11.021s] INFO:colcon.colcon_core.shell:Creating environment descriptor '/home/pi/Desktop/Sidewalk_Robot_XJTLUxNUS/install/motor_control/share/motor_control/hook/pythonpath.dsv'
[11.023s] INFO:colcon.colcon_core.shell:Creating environment hook '/home/pi/Desktop/Sidewalk_Robot_XJTLUxNUS/install/motor_control/share/motor_control/hook/pythonpath.sh'
[11.026s] Level 1:colcon.colcon_core.environment:checking '/home/pi/Desktop/Sidewalk_Robot_XJTLUxNUS/install/motor_control/bin'
[11.027s] Level 1:colcon.colcon_core.environment:create_environment_scripts_only(motor_control)
[11.031s] INFO:colcon.colcon_core.shell:Creating package descriptor '/home/pi/Desktop/Sidewalk_Robot_XJTLUxNUS/install/motor_control/share/motor_control/package.dsv'
[11.034s] INFO:colcon.colcon_core.shell:Creating package script '/home/pi/Desktop/Sidewalk_Robot_XJTLUxNUS/install/motor_control/share/motor_control/package.sh'
[11.036s] Level 1:colcon.colcon_core.environment:create_file_with_runtime_dependencies(/home/pi/Desktop/Sidewalk_Robot_XJTLUxNUS/install/motor_control/share/colcon-core/packages/motor_control)
[11.037s] DEBUG:colcon.colcon_core.executor.sequential:run_until_complete 'motor_control' finished with '0'
[11.037s] DEBUG:colcon.colcon_core.executor.sequential:run_until_complete 'share'
[11.038s] INFO:colcon.colcon_ros.task.ament_cmake.build:Building ROS package in '/home/pi/Desktop/Sidewalk_Robot_XJTLUxNUS/src/share' with build type 'ament_cmake'
[11.038s] INFO:colcon.colcon_cmake.task.cmake.build:Building CMake package in '/home/pi/Desktop/Sidewalk_Robot_XJTLUxNUS/src/share'
[11.042s] DEBUG:colcon.colcon_core.shell:Skip shell extension 'dsv' for command environment
[11.099s] DEBUG:colcon.colcon_core.event_handler.log_command:Invoking command in '/home/pi/Desktop/Sidewalk_Robot_XJTLUxNUS/build/share': CMAKE_PREFIX_PATH=${CMAKE_PREFIX_PATH}:/home/pi/Desktop/Sidewalk_Robot_XJTLUxNUS/install/motor_control:/home/pi/Desktop/Sidewalk_Robot_XJTLUxNUS/install/can_bus:/opt/ros/humble /usr/bin/cmake --build /home/pi/Desktop/Sidewalk_Robot_XJTLUxNUS/build/share -- -j4 -l4
[13.336s] DEBUG:colcon.colcon_core.event_handler.log_command:Invoked command in '/home/pi/Desktop/Sidewalk_Robot_XJTLUxNUS/build/share' returned '0': CMAKE_PREFIX_PATH=${CMAKE_PREFIX_PATH}:/home/pi/Desktop/Sidewalk_Robot_XJTLUxNUS/install/motor_control:/home/pi/Desktop/Sidewalk_Robot_XJTLUxNUS/install/can_bus:/opt/ros/humble /usr/bin/cmake --build /home/pi/Desktop/Sidewalk_Robot_XJTLUxNUS/build/share -- -j4 -l4
[13.789s] DEBUG:colcon.colcon_core.event_handler.log_command:Invoking command in '/home/pi/Desktop/Sidewalk_Robot_XJTLUxNUS/build/share': CMAKE_PREFIX_PATH=${CMAKE_PREFIX_PATH}:/home/pi/Desktop/Sidewalk_Robot_XJTLUxNUS/install/motor_control:/home/pi/Desktop/Sidewalk_Robot_XJTLUxNUS/install/can_bus:/opt/ros/humble /usr/bin/cmake --install /home/pi/Desktop/Sidewalk_Robot_XJTLUxNUS/build/share
[14.155s] Level 1:colcon.colcon_core.environment:create_environment_scripts_only(share)
[14.163s] DEBUG:colcon.colcon_core.event_handler.log_command:Invoked command in '/home/pi/Desktop/Sidewalk_Robot_XJTLUxNUS/build/share' returned '0': CMAKE_PREFIX_PATH=${CMAKE_PREFIX_PATH}:/home/pi/Desktop/Sidewalk_Robot_XJTLUxNUS/install/motor_control:/home/pi/Desktop/Sidewalk_Robot_XJTLUxNUS/install/can_bus:/opt/ros/humble /usr/bin/cmake --install /home/pi/Desktop/Sidewalk_Robot_XJTLUxNUS/build/share
[14.168s] Level 1:colcon.colcon_core.environment:checking '/home/pi/Desktop/Sidewalk_Robot_XJTLUxNUS/install/share' for CMake module files
[14.173s] Level 1:colcon.colcon_core.environment:checking '/home/pi/Desktop/Sidewalk_Robot_XJTLUxNUS/install/share' for CMake config files
[14.178s] Level 1:colcon.colcon_core.shell:create_environment_hook('share', 'cmake_prefix_path')
[14.184s] INFO:colcon.colcon_core.shell:Creating environment descriptor '/home/pi/Desktop/Sidewalk_Robot_XJTLUxNUS/install/share/share/share/hook/cmake_prefix_path.dsv'
[14.188s] INFO:colcon.colcon_core.shell:Creating environment hook '/home/pi/Desktop/Sidewalk_Robot_XJTLUxNUS/install/share/share/share/hook/cmake_prefix_path.sh'
[14.192s] Level 1:colcon.colcon_core.environment:checking '/home/pi/Desktop/Sidewalk_Robot_XJTLUxNUS/install/share/lib'
[14.193s] Level 1:colcon.colcon_core.shell:create_environment_hook('share', 'ld_library_path_lib')
[14.197s] INFO:colcon.colcon_core.shell:Creating environment descriptor '/home/pi/Desktop/Sidewalk_Robot_XJTLUxNUS/install/share/share/share/hook/ld_library_path_lib.dsv'
[14.203s] INFO:colcon.colcon_core.shell:Creating environment hook '/home/pi/Desktop/Sidewalk_Robot_XJTLUxNUS/install/share/share/share/hook/ld_library_path_lib.sh'
[14.206s] Level 1:colcon.colcon_core.environment:checking '/home/pi/Desktop/Sidewalk_Robot_XJTLUxNUS/install/share/bin'
[14.206s] Level 1:colcon.colcon_core.environment:checking '/home/pi/Desktop/Sidewalk_Robot_XJTLUxNUS/install/share/lib/pkgconfig/share.pc'
[14.207s] Level 1:colcon.colcon_core.environment:checking '/home/pi/Desktop/Sidewalk_Robot_XJTLUxNUS/install/share/lib/python3.10/site-packages'
[14.209s] Level 1:colcon.colcon_core.environment:checking '/home/pi/Desktop/Sidewalk_Robot_XJTLUxNUS/install/share/bin'
[14.213s] INFO:colcon.colcon_core.shell:Creating package descriptor '/home/pi/Desktop/Sidewalk_Robot_XJTLUxNUS/install/share/share/share/package.dsv'
[14.217s] INFO:colcon.colcon_core.shell:Creating package script '/home/pi/Desktop/Sidewalk_Robot_XJTLUxNUS/install/share/share/share/package.sh'
[14.224s] Level 1:colcon.colcon_core.environment:create_file_with_runtime_dependencies(/home/pi/Desktop/Sidewalk_Robot_XJTLUxNUS/install/share/share/colcon-core/packages/share)
[14.649s] Level 1:colcon.colcon_core.environment:create_environment_scripts_only(share)
[14.658s] Level 1:colcon.colcon_core.environment:checking '/home/pi/Desktop/Sidewalk_Robot_XJTLUxNUS/install/share' for CMake module files
[14.663s] Level 1:colcon.colcon_core.environment:checking '/home/pi/Desktop/Sidewalk_Robot_XJTLUxNUS/install/share' for CMake config files
[14.666s] Level 1:colcon.colcon_core.shell:create_environment_hook('share', 'cmake_prefix_path')
[14.669s] INFO:colcon.colcon_core.shell:Creating environment descriptor '/home/pi/Desktop/Sidewalk_Robot_XJTLUxNUS/install/share/share/share/hook/cmake_prefix_path.dsv'
[14.671s] INFO:colcon.colcon_core.shell:Creating environment hook '/home/pi/Desktop/Sidewalk_Robot_XJTLUxNUS/install/share/share/share/hook/cmake_prefix_path.sh'
[14.674s] Level 1:colcon.colcon_core.environment:checking '/home/pi/Desktop/Sidewalk_Robot_XJTLUxNUS/install/share/lib'
[14.675s] Level 1:colcon.colcon_core.shell:create_environment_hook('share', 'ld_library_path_lib')
[14.678s] INFO:colcon.colcon_core.shell:Creating environment descriptor '/home/pi/Desktop/Sidewalk_Robot_XJTLUxNUS/install/share/share/share/hook/ld_library_path_lib.dsv'
[14.680s] INFO:colcon.colcon_core.shell:Creating environment hook '/home/pi/Desktop/Sidewalk_Robot_XJTLUxNUS/install/share/share/share/hook/ld_library_path_lib.sh'
[14.682s] Level 1:colcon.colcon_core.environment:checking '/home/pi/Desktop/Sidewalk_Robot_XJTLUxNUS/install/share/bin'
[14.682s] Level 1:colcon.colcon_core.environment:checking '/home/pi/Desktop/Sidewalk_Robot_XJTLUxNUS/install/share/lib/pkgconfig/share.pc'
[14.683s] Level 1:colcon.colcon_core.environment:checking '/home/pi/Desktop/Sidewalk_Robot_XJTLUxNUS/install/share/lib/python3.10/site-packages'
[14.684s] Level 1:colcon.colcon_core.environment:checking '/home/pi/Desktop/Sidewalk_Robot_XJTLUxNUS/install/share/bin'
[14.688s] INFO:colcon.colcon_core.shell:Creating package descriptor '/home/pi/Desktop/Sidewalk_Robot_XJTLUxNUS/install/share/share/share/package.dsv'
[14.690s] INFO:colcon.colcon_core.shell:Creating package script '/home/pi/Desktop/Sidewalk_Robot_XJTLUxNUS/install/share/share/share/package.sh'
[14.693s] Level 1:colcon.colcon_core.environment:create_file_with_runtime_dependencies(/home/pi/Desktop/Sidewalk_Robot_XJTLUxNUS/install/share/share/colcon-core/packages/share)
[14.694s] DEBUG:colcon.colcon_core.executor.sequential:run_until_complete 'share' finished with '0'
[14.694s] DEBUG:colcon.colcon_core.executor.sequential:closing loop
[14.695s] DEBUG:colcon.colcon_core.executor.sequential:loop closed
[14.695s] DEBUG:colcon.colcon_core.event_reactor:joining thread
[14.696s] DEBUG:colcon.colcon_core.event_reactor:joined thread
[14.700s] INFO:colcon.colcon_core.shell:Creating prefix script '/home/pi/Desktop/Sidewalk_Robot_XJTLUxNUS/install/local_setup.sh'
[14.703s] INFO:colcon.colcon_core.shell:Creating prefix util module '/home/pi/Desktop/Sidewalk_Robot_XJTLUxNUS/install/_local_setup_util_sh.py'
[14.710s] INFO:colcon.colcon_core.shell:Creating prefix chain script '/home/pi/Desktop/Sidewalk_Robot_XJTLUxNUS/install/setup.sh'
